[0.568s] Invoking command in '/home/yahboom/roscourse_ws/src/python_turtle': AMENT_PREFIX_PATH=/home/yahboom/roscourse_ws/install/turtle_interfaces:${AMENT_PREFIX_PATH} CMAKE_PREFIX_PATH=/home/yahboom/roscourse_ws/install/turtle_interfaces:${CMAKE_PREFIX_PATH} LD_LIBRARY_PATH=/home/yahboom/roscourse_ws/install/turtle_interfaces/lib:${LD_LIBRARY_PATH} PYTHONPATH=/home/yahboom/roscourse_ws/build/python_turtle/prefix_override:/home/yahboom/roscourse_ws/install/python_turtle/lib/python3.8/site-packages:/home/yahboom/roscourse_ws/install/turtle_interfaces/lib/python3.8/site-packages:${PYTHONPATH} /usr/bin/python3 setup.py egg_info --egg-base ../../build/python_turtle build --build-base /home/yahboom/roscourse_ws/build/python_turtle/build install --record /home/yahboom/roscourse_ws/build/python_turtle/install.log --install-scripts $base/lib/python_turtle --single-version-externally-managed
[0.756s] running egg_info
[0.757s] writing ../../build/python_turtle/python_turtle.egg-info/PKG-INFO
[0.757s] writing dependency_links to ../../build/python_turtle/python_turtle.egg-info/dependency_links.txt
[0.757s] writing entry points to ../../build/python_turtle/python_turtle.egg-info/entry_points.txt
[0.758s] writing requirements to ../../build/python_turtle/python_turtle.egg-info/requires.txt
[0.758s] writing top-level names to ../../build/python_turtle/python_turtle.egg-info/top_level.txt
[0.786s] reading manifest file '../../build/python_turtle/python_turtle.egg-info/SOURCES.txt'
[0.787s] writing manifest file '../../build/python_turtle/python_turtle.egg-info/SOURCES.txt'
[0.787s] running build
[0.787s] running build_py
[0.788s] copying python_turtle/action_client.py -> /home/yahboom/roscourse_ws/build/python_turtle/build/lib/python_turtle
[0.788s] copying python_turtle/turtlebot_server.py -> /home/yahboom/roscourse_ws/build/python_turtle/build/lib/python_turtle
[0.788s] running install
[0.789s] running install_lib
[0.789s] copying /home/yahboom/roscourse_ws/build/python_turtle/build/lib/python_turtle/action_client.py -> /home/yahboom/roscourse_ws/install/python_turtle/lib/python3.8/site-packages/python_turtle
[0.790s] copying /home/yahboom/roscourse_ws/build/python_turtle/build/lib/python_turtle/turtlebot_server.py -> /home/yahboom/roscourse_ws/install/python_turtle/lib/python3.8/site-packages/python_turtle
[0.790s] byte-compiling /home/yahboom/roscourse_ws/install/python_turtle/lib/python3.8/site-packages/python_turtle/action_client.py to action_client.cpython-38.pyc
[0.792s] byte-compiling /home/yahboom/roscourse_ws/install/python_turtle/lib/python3.8/site-packages/python_turtle/turtlebot_server.py to turtlebot_server.cpython-38.pyc
[0.792s] Sorry: TabError: inconsistent use of tabs and spaces in indentation (turtlebot_server.py, line 94)
[0.793s] running install_data
[0.794s] running install_egg_info
[0.796s] removing '/home/yahboom/roscourse_ws/install/python_turtle/lib/python3.8/site-packages/python_turtle-0.0.0-py3.8.egg-info' (and everything under it)
[0.796s] Copying ../../build/python_turtle/python_turtle.egg-info to /home/yahboom/roscourse_ws/install/python_turtle/lib/python3.8/site-packages/python_turtle-0.0.0-py3.8.egg-info
[0.797s] running install_scripts
[0.813s] Installing service_client = python_turtle.service_client:mainaction_client script to /home/yahboom/roscourse_ws/install/python_turtle/lib/python_turtle
[0.813s] Installing turtlebot_client script to /home/yahboom/roscourse_ws/install/python_turtle/lib/python_turtle
[0.814s] Installing turtlebot_server script to /home/yahboom/roscourse_ws/install/python_turtle/lib/python_turtle
[0.814s] writing list of installed files to '/home/yahboom/roscourse_ws/build/python_turtle/install.log'
[0.836s] Invoked command in '/home/yahboom/roscourse_ws/src/python_turtle' returned '0': AMENT_PREFIX_PATH=/home/yahboom/roscourse_ws/install/turtle_interfaces:${AMENT_PREFIX_PATH} CMAKE_PREFIX_PATH=/home/yahboom/roscourse_ws/install/turtle_interfaces:${CMAKE_PREFIX_PATH} LD_LIBRARY_PATH=/home/yahboom/roscourse_ws/install/turtle_interfaces/lib:${LD_LIBRARY_PATH} PYTHONPATH=/home/yahboom/roscourse_ws/build/python_turtle/prefix_override:/home/yahboom/roscourse_ws/install/python_turtle/lib/python3.8/site-packages:/home/yahboom/roscourse_ws/install/turtle_interfaces/lib/python3.8/site-packages:${PYTHONPATH} /usr/bin/python3 setup.py egg_info --egg-base ../../build/python_turtle build --build-base /home/yahboom/roscourse_ws/build/python_turtle/build install --record /home/yahboom/roscourse_ws/build/python_turtle/install.log --install-scripts $base/lib/python_turtle --single-version-externally-managed
