running develop
running egg_info
writing ../../build/webcam/webcam.egg-info/PKG-INFO
writing dependency_links to ../../build/webcam/webcam.egg-info/dependency_links.txt
writing entry points to ../../build/webcam/webcam.egg-info/entry_points.txt
writing requirements to ../../build/webcam/webcam.egg-info/requires.txt
writing top-level names to ../../build/webcam/webcam.egg-info/top_level.txt
reading manifest file '../../build/webcam/webcam.egg-info/SOURCES.txt'
writing manifest file '../../build/webcam/webcam.egg-info/SOURCES.txt'
running build
running build_py
copying webcam/cam_sub.py -> /home/yahboom/roscourse_ws/build/webcam/build/lib/webcam
running install
running install_lib
copying /home/yahboom/roscourse_ws/build/webcam/build/lib/webcam/cam_sub.py -> /home/yahboom/roscourse_ws/install/webcam/lib/python3.8/site-packages/webcam
byte-compiling /home/yahboom/roscourse_ws/install/webcam/lib/python3.8/site-packages/webcam/cam_sub.py to cam_sub.cpython-38.pyc
running install_data
running install_egg_info
removing '/home/yahboom/roscourse_ws/install/webcam/lib/python3.8/site-packages/webcam-0.0.0-py3.8.egg-info' (and everything under it)
Copying ../../build/webcam/webcam.egg-info to /home/yahboom/roscourse_ws/install/webcam/lib/python3.8/site-packages/webcam-0.0.0-py3.8.egg-info
running install_scripts
Installing webcam_pub script to /home/yahboom/roscourse_ws/install/webcam/lib/webcam
Installing webcam_sub script to /home/yahboom/roscourse_ws/install/webcam/lib/webcam
writing list of installed files to '/home/yahboom/roscourse_ws/build/webcam/install.log'
