[0.805s] Invoking command in '/home/yahboom/roscourse_ws/build/webcam': PYTHONPATH=/home/yahboom/roscourse_ws/build/webcam/prefix_override:/home/yahboom/roscourse_ws/install/webcam/lib/python3.8/site-packages:${PYTHONPATH} /usr/bin/python3 setup.py develop --uninstall --editable --build-directory /home/yahboom/roscourse_ws/build/webcam/build
[1.027s] running develop
[1.175s] Invoked command in '/home/yahboom/roscourse_ws/build/webcam' returned '0': PYTHONPATH=/home/yahboom/roscourse_ws/build/webcam/prefix_override:/home/yahboom/roscourse_ws/install/webcam/lib/python3.8/site-packages:${PYTHONPATH} /usr/bin/python3 setup.py develop --uninstall --editable --build-directory /home/yahboom/roscourse_ws/build/webcam/build
[1.178s] Invoking command in '/home/yahboom/roscourse_ws/src/webcam': PYTHONPATH=/home/yahboom/roscourse_ws/build/webcam/prefix_override:/home/yahboom/roscourse_ws/install/webcam/lib/python3.8/site-packages:${PYTHONPATH} /usr/bin/python3 setup.py egg_info --egg-base ../../build/webcam build --build-base /home/yahboom/roscourse_ws/build/webcam/build install --record /home/yahboom/roscourse_ws/build/webcam/install.log --install-scripts $base/lib/webcam --single-version-externally-managed
[1.391s] running egg_info
[1.392s] writing ../../build/webcam/webcam.egg-info/PKG-INFO
[1.392s] writing dependency_links to ../../build/webcam/webcam.egg-info/dependency_links.txt
[1.392s] writing entry points to ../../build/webcam/webcam.egg-info/entry_points.txt
[1.393s] writing requirements to ../../build/webcam/webcam.egg-info/requires.txt
[1.393s] writing top-level names to ../../build/webcam/webcam.egg-info/top_level.txt
[1.424s] reading manifest file '../../build/webcam/webcam.egg-info/SOURCES.txt'
[1.425s] writing manifest file '../../build/webcam/webcam.egg-info/SOURCES.txt'
[1.425s] running build
[1.425s] running build_py
[1.426s] copying webcam/cam_sub.py -> /home/yahboom/roscourse_ws/build/webcam/build/lib/webcam
[1.426s] running install
[1.427s] running install_lib
[1.427s] copying /home/yahboom/roscourse_ws/build/webcam/build/lib/webcam/cam_sub.py -> /home/yahboom/roscourse_ws/install/webcam/lib/python3.8/site-packages/webcam
[1.428s] byte-compiling /home/yahboom/roscourse_ws/install/webcam/lib/python3.8/site-packages/webcam/cam_sub.py to cam_sub.cpython-38.pyc
[1.430s] running install_data
[1.430s] running install_egg_info
[1.432s] removing '/home/yahboom/roscourse_ws/install/webcam/lib/python3.8/site-packages/webcam-0.0.0-py3.8.egg-info' (and everything under it)
[1.432s] Copying ../../build/webcam/webcam.egg-info to /home/yahboom/roscourse_ws/install/webcam/lib/python3.8/site-packages/webcam-0.0.0-py3.8.egg-info
[1.433s] running install_scripts
[1.449s] Installing webcam_pub script to /home/yahboom/roscourse_ws/install/webcam/lib/webcam
[1.449s] Installing webcam_sub script to /home/yahboom/roscourse_ws/install/webcam/lib/webcam
[1.450s] writing list of installed files to '/home/yahboom/roscourse_ws/build/webcam/install.log'
[1.479s] Invoked command in '/home/yahboom/roscourse_ws/src/webcam' returned '0': PYTHONPATH=/home/yahboom/roscourse_ws/build/webcam/prefix_override:/home/yahboom/roscourse_ws/install/webcam/lib/python3.8/site-packages:${PYTHONPATH} /usr/bin/python3 setup.py egg_info --egg-base ../../build/webcam build --build-base /home/yahboom/roscourse_ws/build/webcam/build install --record /home/yahboom/roscourse_ws/build/webcam/install.log --install-scripts $base/lib/webcam --single-version-externally-managed
