[0.034s] Invoking command in '/home/yahboom/roscourse_ws/build/turtle_interfaces': CMAKE_PREFIX_PATH=${CMAKE_PREFIX_PATH}:/home/yahboom/roscourse_ws/install/webcam:/home/yahboom/roscourse_ws/install/python_turtle:/home/yahboom/yahboomcar_ros2_ws/yahboomcar_ws/install/yahboomcar_voice_ctrl:/home/yahboom/yahboomcar_ros2_ws/yahboomcar_ws/install/yahboomcar_visual:/home/yahboom/yahboomcar_ros2_ws/yahboomcar_ws/install/yahboomcar_rviz:/home/yahboom/yahboomcar_ros2_ws/yahboomcar_ws/install/yahboomcar_nav:/home/yahboom/yahboomcar_ros2_ws/yahboomcar_ws/install/yahboomcar_multi:/home/yahboom/yahboomcar_ros2_ws/yahboomcar_ws/install/yahboomcar_mediapipe:/home/yahboom/yahboomcar_ros2_ws/yahboomcar_ws/install/yahboomcar_linefollow:/home/yahboom/yahboomcar_ros2_ws/yahboomcar_ws/install/yahboomcar_laser:/home/yahboom/yahboomcar_ros2_ws/yahboomcar_ws/install/yahboomcar_description_x1:/home/yahboom/yahboomcar_ros2_ws/yahboomcar_ws/install/yahboomcar_description:/home/yahboom/yahboomcar_ros2_ws/yahboomcar_ws/install/yahboomcar_ctrl:/home/yahboom/yahboomcar_ros2_ws/yahboomcar_ws/install/yahboomcar_bringup:/home/yahboom/yahboomcar_ros2_ws/yahboomcar_ws/install/yahboomcar_astra:/home/yahboom/yahboomcar_ros2_ws/yahboomcar_ws/install/robot_pose_publisher:/home/yahboom/yahboomcar_ros2_ws/yahboomcar_ws/install/laserscan_to_point_pulisher:/opt/ros/foxy /usr/bin/cmake --build /home/yahboom/roscourse_ws/build/turtle_interfaces -- -j6 -l6
[0.067s] -- Found ament_cmake: 0.9.11 (/opt/ros/foxy/share/ament_cmake/cmake)
[0.095s] -- Found PythonInterp: /usr/bin/python3 (found suitable version "3.8.10", minimum required is "3") 
[0.095s] -- Using PYTHON_EXECUTABLE: /usr/bin/python3
[0.268s] -- Found ament_lint_auto: 0.9.8 (/opt/ros/foxy/share/ament_lint_auto/cmake)
[0.326s] -- Found geometry_msgs: 2.0.5 (/opt/ros/foxy/share/geometry_msgs/cmake)
[0.345s] -- Using all available rosidl_typesupport_c: rosidl_typesupport_fastrtps_c;rosidl_typesupport_introspection_c
[0.348s] -- Found rosidl_adapter: 1.3.0 (/opt/ros/foxy/share/rosidl_adapter/cmake)
[0.449s] -- Using all available rosidl_typesupport_cpp: rosidl_typesupport_fastrtps_cpp;rosidl_typesupport_introspection_cpp
[0.519s] -- Found rosidl_default_generators: 1.0.1 (/opt/ros/foxy/share/rosidl_default_generators/cmake)
[0.561s] -- Found PythonInterp: /usr/bin/python3 (found version "3.8.10") 
[0.732s] -- Found ament_cmake_ros: 0.9.2 (/opt/ros/foxy/share/ament_cmake_ros/cmake)
[0.973s] -- Using all available rosidl_typesupport_c: rosidl_typesupport_fastrtps_c;rosidl_typesupport_introspection_c
[1.088s] -- Using all available rosidl_typesupport_cpp: rosidl_typesupport_fastrtps_cpp;rosidl_typesupport_introspection_cpp
[1.127s] -- Found PythonInterp: /usr/bin/python3 (found suitable version "3.8.10", minimum required is "3.5") 
[1.127s] -- Found python_cmake_module: 0.8.1 (/opt/ros/foxy/share/python_cmake_module/cmake)
[1.160s] -- Using PYTHON_EXECUTABLE: /usr/bin/python3
[1.160s] -- Using PYTHON_INCLUDE_DIRS: /usr/include/python3.8
[1.160s] -- Using PYTHON_LIBRARIES: /usr/lib/x86_64-linux-gnu/libpython3.8.so
[1.235s] -- Added test 'copyright' to check source files copyright and LICENSE
[1.236s] -- Added test 'lint_cmake' to check CMake code style
[1.237s] -- Added test 'xmllint' to check XML markup files
[1.242s] -- Configuring done
[1.297s] -- Generating done
[1.301s] -- Build files have been written to: /home/yahboom/roscourse_ws/build/turtle_interfaces
[1.323s] [  1%] [34m[1mGenerating C code for ROS interfaces[0m
[1.333s] [  3%] [34m[1mGenerating C++ code for ROS interfaces[0m
[1.813s] [  3%] Built target turtle_interfaces__cpp
[1.824s] [  9%] [34m[1mGenerating C++ type support for eProsima Fast-RTPS[0m
[1.825s] [  9%] [34m[1mGenerating C++ introspection for ROS interfaces[0m
[1.825s] [  9%] [34m[1mGenerating C++ type support dispatch for ROS interfaces[0m
[1.895s] [35m[1mScanning dependencies of target turtle_interfaces__rosidl_generator_c[0m
[1.911s] [ 12%] [32mBuilding C object CMakeFiles/turtle_interfaces__rosidl_generator_c.dir/rosidl_generator_c/turtle_interfaces/srv/detail/set_pose__functions.c.o[0m
[1.912s] [ 12%] [32mBuilding C object CMakeFiles/turtle_interfaces__rosidl_generator_c.dir/rosidl_generator_c/turtle_interfaces/msg/detail/turtle_msg__functions.c.o[0m
[1.914s] [ 14%] [32mBuilding C object CMakeFiles/turtle_interfaces__rosidl_generator_c.dir/rosidl_generator_c/turtle_interfaces/srv/detail/set_color__functions.c.o[0m
[1.957s] [ 16%] [32mBuilding C object CMakeFiles/turtle_interfaces__rosidl_generator_c.dir/rosidl_generator_c/turtle_interfaces/action/detail/turtle_to_goals__functions.c.o[0m
[2.081s] [ 18%] [32m[1mLinking C shared library libturtle_interfaces__rosidl_generator_c.so[0m
[2.120s] [ 18%] Built target turtle_interfaces__rosidl_generator_c
[2.131s] [ 20%] [34m[1mGenerating C type support dispatch for ROS interfaces[0m
[2.131s] [ 21%] [34m[1mGenerating C introspection for ROS interfaces[0m
[2.188s] [35m[1mScanning dependencies of target turtle_interfaces__rosidl_typesupport_cpp[0m
[2.203s] [ 23%] [32mBuilding CXX object CMakeFiles/turtle_interfaces__rosidl_typesupport_cpp.dir/rosidl_typesupport_cpp/turtle_interfaces/srv/set_pose__type_support.cpp.o[0m
[2.205s] [ 25%] [32mBuilding CXX object CMakeFiles/turtle_interfaces__rosidl_typesupport_cpp.dir/rosidl_typesupport_cpp/turtle_interfaces/msg/turtle_msg__type_support.cpp.o[0m
[2.304s] [35m[1mScanning dependencies of target turtle_interfaces__rosidl_typesupport_introspection_cpp[0m
[2.320s] [ 27%] [32mBuilding CXX object CMakeFiles/turtle_interfaces__rosidl_typesupport_introspection_cpp.dir/rosidl_typesupport_introspection_cpp/turtle_interfaces/msg/detail/turtle_msg__type_support.cpp.o[0m
[2.423s] [35m[1mScanning dependencies of target turtle_interfaces__rosidl_typesupport_fastrtps_cpp[0m
[2.444s] [ 29%] [32mBuilding CXX object CMakeFiles/turtle_interfaces__rosidl_typesupport_fastrtps_cpp.dir/rosidl_typesupport_fastrtps_cpp/turtle_interfaces/msg/detail/dds_fastrtps/turtle_msg__type_support.cpp.o[0m
[2.494s] [ 30%] [32mBuilding CXX object CMakeFiles/turtle_interfaces__rosidl_typesupport_cpp.dir/rosidl_typesupport_cpp/turtle_interfaces/srv/set_color__type_support.cpp.o[0m
[2.495s] [35m[1mScanning dependencies of target turtle_interfaces__rosidl_typesupport_c[0m
[2.502s] [ 32%] [32mBuilding CXX object CMakeFiles/turtle_interfaces__rosidl_typesupport_cpp.dir/rosidl_typesupport_cpp/turtle_interfaces/action/turtle_to_goals__type_support.cpp.o[0m
[2.509s] [ 34%] [32mBuilding CXX object CMakeFiles/turtle_interfaces__rosidl_typesupport_c.dir/rosidl_typesupport_c/turtle_interfaces/msg/turtle_msg__type_support.cpp.o[0m
[2.544s] [ 36%] [32mBuilding CXX object CMakeFiles/turtle_interfaces__rosidl_typesupport_c.dir/rosidl_typesupport_c/turtle_interfaces/srv/set_pose__type_support.cpp.o[0m
[2.582s] [ 38%] [32mBuilding CXX object CMakeFiles/turtle_interfaces__rosidl_typesupport_c.dir/rosidl_typesupport_c/turtle_interfaces/srv/set_color__type_support.cpp.o[0m
[2.606s] [ 40%] [32mBuilding CXX object CMakeFiles/turtle_interfaces__rosidl_typesupport_introspection_cpp.dir/rosidl_typesupport_introspection_cpp/turtle_interfaces/srv/detail/set_pose__type_support.cpp.o[0m
[2.622s] [ 41%] [32mBuilding CXX object CMakeFiles/turtle_interfaces__rosidl_typesupport_c.dir/rosidl_typesupport_c/turtle_interfaces/action/turtle_to_goals__type_support.cpp.o[0m
[2.668s] [ 43%] [32m[1mLinking CXX shared library libturtle_interfaces__rosidl_typesupport_c.so[0m
[2.675s] [35m[1mScanning dependencies of target turtle_interfaces__rosidl_typesupport_introspection_c[0m
[2.690s] [ 45%] [32mBuilding C object CMakeFiles/turtle_interfaces__rosidl_typesupport_introspection_c.dir/rosidl_typesupport_introspection_c/turtle_interfaces/msg/detail/turtle_msg__type_support.c.o[0m
[2.713s] [ 45%] Built target turtle_interfaces__rosidl_typesupport_c
[2.722s] [ 47%] [32mBuilding CXX object CMakeFiles/turtle_interfaces__rosidl_typesupport_fastrtps_cpp.dir/rosidl_typesupport_fastrtps_cpp/turtle_interfaces/srv/detail/dds_fastrtps/set_pose__type_support.cpp.o[0m
[2.732s] [ 49%] [32mBuilding C object CMakeFiles/turtle_interfaces__rosidl_typesupport_introspection_c.dir/rosidl_typesupport_introspection_c/turtle_interfaces/srv/detail/set_pose__type_support.c.o[0m
[2.772s] [ 50%] [32mBuilding C object CMakeFiles/turtle_interfaces__rosidl_typesupport_introspection_c.dir/rosidl_typesupport_introspection_c/turtle_interfaces/srv/detail/set_color__type_support.c.o[0m
[2.781s] [ 52%] [32mBuilding C object CMakeFiles/turtle_interfaces__rosidl_typesupport_introspection_c.dir/rosidl_typesupport_introspection_c/turtle_interfaces/action/detail/turtle_to_goals__type_support.c.o[0m
[2.812s] [ 54%] [32mBuilding CXX object CMakeFiles/turtle_interfaces__rosidl_typesupport_fastrtps_cpp.dir/rosidl_typesupport_fastrtps_cpp/turtle_interfaces/srv/detail/dds_fastrtps/set_color__type_support.cpp.o[0m
[2.829s] [ 56%] [32m[1mLinking CXX shared library libturtle_interfaces__rosidl_typesupport_cpp.so[0m
[2.838s] [ 58%] [32m[1mLinking C shared library libturtle_interfaces__rosidl_typesupport_introspection_c.so[0m
[2.861s] [ 60%] [32mBuilding CXX object CMakeFiles/turtle_interfaces__rosidl_typesupport_fastrtps_cpp.dir/rosidl_typesupport_fastrtps_cpp/turtle_interfaces/action/detail/dds_fastrtps/turtle_to_goals__type_support.cpp.o[0m
[2.875s] [ 60%] Built target turtle_interfaces__rosidl_typesupport_cpp
[2.885s] [ 61%] [32mBuilding CXX object CMakeFiles/turtle_interfaces__rosidl_typesupport_introspection_cpp.dir/rosidl_typesupport_introspection_cpp/turtle_interfaces/srv/detail/set_color__type_support.cpp.o[0m
[2.888s] [ 61%] Built target turtle_interfaces__rosidl_typesupport_introspection_c
[2.898s] [ 63%] [32mBuilding CXX object CMakeFiles/turtle_interfaces__rosidl_typesupport_introspection_cpp.dir/rosidl_typesupport_introspection_cpp/turtle_interfaces/action/detail/turtle_to_goals__type_support.cpp.o[0m
[3.290s] [ 65%] [32m[1mLinking CXX shared library libturtle_interfaces__rosidl_typesupport_introspection_cpp.so[0m
[3.356s] [ 65%] Built target turtle_interfaces__rosidl_typesupport_introspection_cpp
[3.381s] [ 67%] [32m[1mLinking CXX shared library libturtle_interfaces__rosidl_typesupport_fastrtps_cpp.so[0m
[3.451s] [ 67%] Built target turtle_interfaces__rosidl_typesupport_fastrtps_cpp
[3.461s] [ 69%] [34m[1mGenerating C type support for eProsima Fast-RTPS[0m
[3.864s] [35m[1mScanning dependencies of target turtle_interfaces__rosidl_typesupport_fastrtps_c[0m
[3.886s] [ 72%] [32mBuilding CXX object CMakeFiles/turtle_interfaces__rosidl_typesupport_fastrtps_c.dir/rosidl_typesupport_fastrtps_c/turtle_interfaces/srv/detail/set_color__type_support_c.cpp.o[0m
[3.886s] [ 72%] [32mBuilding CXX object CMakeFiles/turtle_interfaces__rosidl_typesupport_fastrtps_c.dir/rosidl_typesupport_fastrtps_c/turtle_interfaces/action/detail/turtle_to_goals__type_support_c.cpp.o[0m
[3.887s] [ 74%] [32mBuilding CXX object CMakeFiles/turtle_interfaces__rosidl_typesupport_fastrtps_c.dir/rosidl_typesupport_fastrtps_c/turtle_interfaces/msg/detail/turtle_msg__type_support_c.cpp.o[0m
[3.888s] [ 76%] [32mBuilding CXX object CMakeFiles/turtle_interfaces__rosidl_typesupport_fastrtps_c.dir/rosidl_typesupport_fastrtps_c/turtle_interfaces/srv/detail/set_pose__type_support_c.cpp.o[0m
[4.244s] [ 78%] [32m[1mLinking CXX shared library libturtle_interfaces__rosidl_typesupport_fastrtps_c.so[0m
[4.318s] [ 78%] Built target turtle_interfaces__rosidl_typesupport_fastrtps_c
[4.337s] [ 78%] Built target turtle_interfaces
[4.355s] [ 80%] [34m[1mGenerating Python code for ROS interfaces[0m
[5.293s] [ 80%] Built target turtle_interfaces__py
[5.304s] [35m[1mScanning dependencies of target turtle_interfaces__python[0m
[5.322s] [ 81%] [32mBuilding C object CMakeFiles/turtle_interfaces__python.dir/rosidl_generator_py/turtle_interfaces/msg/_turtle_msg_s.c.o[0m
[5.322s] [ 83%] [32mBuilding C object CMakeFiles/turtle_interfaces__python.dir/rosidl_generator_py/turtle_interfaces/srv/_set_pose_s.c.o[0m
[5.323s] [ 85%] [32mBuilding C object CMakeFiles/turtle_interfaces__python.dir/rosidl_generator_py/turtle_interfaces/srv/_set_color_s.c.o[0m
[5.323s] [ 87%] [32mBuilding C object CMakeFiles/turtle_interfaces__python.dir/rosidl_generator_py/turtle_interfaces/action/_turtle_to_goals_s.c.o[0m
[5.436s] [ 89%] [32m[1mLinking C shared library rosidl_generator_py/turtle_interfaces/libturtle_interfaces__python.so[0m
[5.479s] [ 89%] Built target turtle_interfaces__python
[5.490s] [35m[1mScanning dependencies of target turtle_interfaces__rosidl_typesupport_c__pyext[0m
[5.490s] [35m[1mScanning dependencies of target turtle_interfaces__rosidl_typesupport_fastrtps_c__pyext[0m
[5.490s] [35m[1mScanning dependencies of target turtle_interfaces__rosidl_typesupport_introspection_c__pyext[0m
[5.505s] [ 92%] [32mBuilding C object CMakeFiles/turtle_interfaces__rosidl_typesupport_c__pyext.dir/rosidl_generator_py/turtle_interfaces/_turtle_interfaces_s.ep.rosidl_typesupport_c.c.o[0m
[5.505s] [ 92%] [32mBuilding C object CMakeFiles/turtle_interfaces__rosidl_typesupport_introspection_c__pyext.dir/rosidl_generator_py/turtle_interfaces/_turtle_interfaces_s.ep.rosidl_typesupport_introspection_c.c.o[0m
[5.506s] [ 94%] [32mBuilding C object CMakeFiles/turtle_interfaces__rosidl_typesupport_fastrtps_c__pyext.dir/rosidl_generator_py/turtle_interfaces/_turtle_interfaces_s.ep.rosidl_typesupport_fastrtps_c.c.o[0m
[5.611s] [ 96%] [32m[1mLinking C shared library rosidl_generator_py/turtle_interfaces/turtle_interfaces_s__rosidl_typesupport_c.cpython-38-x86_64-linux-gnu.so[0m
[5.611s] [ 98%] [32m[1mLinking C shared library rosidl_generator_py/turtle_interfaces/turtle_interfaces_s__rosidl_typesupport_introspection_c.cpython-38-x86_64-linux-gnu.so[0m
[5.615s] [100%] [32m[1mLinking CXX shared library rosidl_generator_py/turtle_interfaces/turtle_interfaces_s__rosidl_typesupport_fastrtps_c.cpython-38-x86_64-linux-gnu.so[0m
[5.661s] [100%] Built target turtle_interfaces__rosidl_typesupport_c__pyext
[5.666s] [100%] Built target turtle_interfaces__rosidl_typesupport_introspection_c__pyext
[5.695s] [100%] Built target turtle_interfaces__rosidl_typesupport_fastrtps_c__pyext
[5.707s] Invoked command in '/home/yahboom/roscourse_ws/build/turtle_interfaces' returned '0': CMAKE_PREFIX_PATH=${CMAKE_PREFIX_PATH}:/home/yahboom/roscourse_ws/install/webcam:/home/yahboom/roscourse_ws/install/python_turtle:/home/yahboom/yahboomcar_ros2_ws/yahboomcar_ws/install/yahboomcar_voice_ctrl:/home/yahboom/yahboomcar_ros2_ws/yahboomcar_ws/install/yahboomcar_visual:/home/yahboom/yahboomcar_ros2_ws/yahboomcar_ws/install/yahboomcar_rviz:/home/yahboom/yahboomcar_ros2_ws/yahboomcar_ws/install/yahboomcar_nav:/home/yahboom/yahboomcar_ros2_ws/yahboomcar_ws/install/yahboomcar_multi:/home/yahboom/yahboomcar_ros2_ws/yahboomcar_ws/install/yahboomcar_mediapipe:/home/yahboom/yahboomcar_ros2_ws/yahboomcar_ws/install/yahboomcar_linefollow:/home/yahboom/yahboomcar_ros2_ws/yahboomcar_ws/install/yahboomcar_laser:/home/yahboom/yahboomcar_ros2_ws/yahboomcar_ws/install/yahboomcar_description_x1:/home/yahboom/yahboomcar_ros2_ws/yahboomcar_ws/install/yahboomcar_description:/home/yahboom/yahboomcar_ros2_ws/yahboomcar_ws/install/yahboomcar_ctrl:/home/yahboom/yahboomcar_ros2_ws/yahboomcar_ws/install/yahboomcar_bringup:/home/yahboom/yahboomcar_ros2_ws/yahboomcar_ws/install/yahboomcar_astra:/home/yahboom/yahboomcar_ros2_ws/yahboomcar_ws/install/robot_pose_publisher:/home/yahboom/yahboomcar_ros2_ws/yahboomcar_ws/install/laserscan_to_point_pulisher:/opt/ros/foxy /usr/bin/cmake --build /home/yahboom/roscourse_ws/build/turtle_interfaces -- -j6 -l6
[5.816s] Invoking command in '/home/yahboom/roscourse_ws/build/turtle_interfaces': CMAKE_PREFIX_PATH=${CMAKE_PREFIX_PATH}:/home/yahboom/roscourse_ws/install/webcam:/home/yahboom/roscourse_ws/install/python_turtle:/home/yahboom/yahboomcar_ros2_ws/yahboomcar_ws/install/yahboomcar_voice_ctrl:/home/yahboom/yahboomcar_ros2_ws/yahboomcar_ws/install/yahboomcar_visual:/home/yahboom/yahboomcar_ros2_ws/yahboomcar_ws/install/yahboomcar_rviz:/home/yahboom/yahboomcar_ros2_ws/yahboomcar_ws/install/yahboomcar_nav:/home/yahboom/yahboomcar_ros2_ws/yahboomcar_ws/install/yahboomcar_multi:/home/yahboom/yahboomcar_ros2_ws/yahboomcar_ws/install/yahboomcar_mediapipe:/home/yahboom/yahboomcar_ros2_ws/yahboomcar_ws/install/yahboomcar_linefollow:/home/yahboom/yahboomcar_ros2_ws/yahboomcar_ws/install/yahboomcar_laser:/home/yahboom/yahboomcar_ros2_ws/yahboomcar_ws/install/yahboomcar_description_x1:/home/yahboom/yahboomcar_ros2_ws/yahboomcar_ws/install/yahboomcar_description:/home/yahboom/yahboomcar_ros2_ws/yahboomcar_ws/install/yahboomcar_ctrl:/home/yahboom/yahboomcar_ros2_ws/yahboomcar_ws/install/yahboomcar_bringup:/home/yahboom/yahboomcar_ros2_ws/yahboomcar_ws/install/yahboomcar_astra:/home/yahboom/yahboomcar_ros2_ws/yahboomcar_ws/install/robot_pose_publisher:/home/yahboom/yahboomcar_ros2_ws/yahboomcar_ws/install/laserscan_to_point_pulisher:/opt/ros/foxy /usr/bin/cmake --install /home/yahboom/roscourse_ws/build/turtle_interfaces
[5.823s] -- Install configuration: ""
[5.824s] -- Up-to-date: /home/yahboom/roscourse_ws/install/turtle_interfaces/share/ament_index/resource_index/rosidl_interfaces/turtle_interfaces
[5.824s] -- Up-to-date: /home/yahboom/roscourse_ws/install/turtle_interfaces/include/turtle_interfaces
[5.824s] -- Up-to-date: /home/yahboom/roscourse_ws/install/turtle_interfaces/include/turtle_interfaces/msg
[5.824s] -- Up-to-date: /home/yahboom/roscourse_ws/install/turtle_interfaces/include/turtle_interfaces/msg/rosidl_generator_c__visibility_control.h
[5.824s] -- Up-to-date: /home/yahboom/roscourse_ws/install/turtle_interfaces/include/turtle_interfaces/msg/detail
[5.825s] -- Installing: /home/yahboom/roscourse_ws/install/turtle_interfaces/include/turtle_interfaces/msg/detail/turtle_msg__struct.h
[5.825s] -- Installing: /home/yahboom/roscourse_ws/install/turtle_interfaces/include/turtle_interfaces/msg/detail/turtle_msg__functions.c
[5.825s] -- Installing: /home/yahboom/roscourse_ws/install/turtle_interfaces/include/turtle_interfaces/msg/detail/turtle_msg__functions.h
[5.825s] -- Installing: /home/yahboom/roscourse_ws/install/turtle_interfaces/include/turtle_interfaces/msg/detail/turtle_msg__type_support.h
[5.825s] -- Installing: /home/yahboom/roscourse_ws/install/turtle_interfaces/include/turtle_interfaces/msg/turtle_msg.h
[5.825s] -- Up-to-date: /home/yahboom/roscourse_ws/install/turtle_interfaces/include/turtle_interfaces/action
[5.825s] -- Installing: /home/yahboom/roscourse_ws/install/turtle_interfaces/include/turtle_interfaces/action/turtle_to_goals.h
[5.825s] -- Up-to-date: /home/yahboom/roscourse_ws/install/turtle_interfaces/include/turtle_interfaces/action/detail
[5.826s] -- Installing: /home/yahboom/roscourse_ws/install/turtle_interfaces/include/turtle_interfaces/action/detail/turtle_to_goals__struct.h
[5.826s] -- Installing: /home/yahboom/roscourse_ws/install/turtle_interfaces/include/turtle_interfaces/action/detail/turtle_to_goals__functions.h
[5.826s] -- Installing: /home/yahboom/roscourse_ws/install/turtle_interfaces/include/turtle_interfaces/action/detail/turtle_to_goals__functions.c
[5.826s] -- Installing: /home/yahboom/roscourse_ws/install/turtle_interfaces/include/turtle_interfaces/action/detail/turtle_to_goals__type_support.h
[5.826s] -- Up-to-date: /home/yahboom/roscourse_ws/install/turtle_interfaces/include/turtle_interfaces/srv
[5.826s] -- Up-to-date: /home/yahboom/roscourse_ws/install/turtle_interfaces/include/turtle_interfaces/srv/detail
[5.826s] -- Installing: /home/yahboom/roscourse_ws/install/turtle_interfaces/include/turtle_interfaces/srv/detail/set_color__functions.h
[5.826s] -- Installing: /home/yahboom/roscourse_ws/install/turtle_interfaces/include/turtle_interfaces/srv/detail/set_pose__functions.c
[5.827s] -- Installing: /home/yahboom/roscourse_ws/install/turtle_interfaces/include/turtle_interfaces/srv/detail/set_color__struct.h
[5.827s] -- Installing: /home/yahboom/roscourse_ws/install/turtle_interfaces/include/turtle_interfaces/srv/detail/set_color__type_support.h
[5.827s] -- Installing: /home/yahboom/roscourse_ws/install/turtle_interfaces/include/turtle_interfaces/srv/detail/set_pose__type_support.h
[5.827s] -- Installing: /home/yahboom/roscourse_ws/install/turtle_interfaces/include/turtle_interfaces/srv/detail/set_pose__struct.h
[5.827s] -- Installing: /home/yahboom/roscourse_ws/install/turtle_interfaces/include/turtle_interfaces/srv/detail/set_color__functions.c
[5.827s] -- Installing: /home/yahboom/roscourse_ws/install/turtle_interfaces/include/turtle_interfaces/srv/detail/set_pose__functions.h
[5.828s] -- Installing: /home/yahboom/roscourse_ws/install/turtle_interfaces/include/turtle_interfaces/srv/set_color.h
[5.828s] -- Installing: /home/yahboom/roscourse_ws/install/turtle_interfaces/include/turtle_interfaces/srv/set_pose.h
[5.828s] -- Up-to-date: /home/yahboom/roscourse_ws/install/turtle_interfaces/share/turtle_interfaces/environment/library_path.sh
[5.828s] -- Installing: /home/yahboom/roscourse_ws/install/turtle_interfaces/share/turtle_interfaces/environment/library_path.dsv
[5.828s] -- Installing: /home/yahboom/roscourse_ws/install/turtle_interfaces/lib/libturtle_interfaces__rosidl_generator_c.so
[5.828s] -- Set runtime path of "/home/yahboom/roscourse_ws/install/turtle_interfaces/lib/libturtle_interfaces__rosidl_generator_c.so" to ""
[5.828s] -- Up-to-date: /home/yahboom/roscourse_ws/install/turtle_interfaces/include/turtle_interfaces
[5.828s] -- Up-to-date: /home/yahboom/roscourse_ws/install/turtle_interfaces/include/turtle_interfaces/msg
[5.828s] -- Up-to-date: /home/yahboom/roscourse_ws/install/turtle_interfaces/include/turtle_interfaces/msg/detail
[5.829s] -- Installing: /home/yahboom/roscourse_ws/install/turtle_interfaces/include/turtle_interfaces/msg/detail/turtle_msg__rosidl_typesupport_fastrtps_c.h
[5.829s] -- Up-to-date: /home/yahboom/roscourse_ws/install/turtle_interfaces/include/turtle_interfaces/msg/rosidl_typesupport_fastrtps_c__visibility_control.h
[5.829s] -- Up-to-date: /home/yahboom/roscourse_ws/install/turtle_interfaces/include/turtle_interfaces/action
[5.829s] -- Up-to-date: /home/yahboom/roscourse_ws/install/turtle_interfaces/include/turtle_interfaces/action/detail
[5.829s] -- Installing: /home/yahboom/roscourse_ws/install/turtle_interfaces/include/turtle_interfaces/action/detail/turtle_to_goals__rosidl_typesupport_fastrtps_c.h
[5.829s] -- Up-to-date: /home/yahboom/roscourse_ws/install/turtle_interfaces/include/turtle_interfaces/srv
[5.829s] -- Up-to-date: /home/yahboom/roscourse_ws/install/turtle_interfaces/include/turtle_interfaces/srv/detail
[5.829s] -- Installing: /home/yahboom/roscourse_ws/install/turtle_interfaces/include/turtle_interfaces/srv/detail/set_color__rosidl_typesupport_fastrtps_c.h
[5.829s] -- Installing: /home/yahboom/roscourse_ws/install/turtle_interfaces/include/turtle_interfaces/srv/detail/set_pose__rosidl_typesupport_fastrtps_c.h
[5.830s] -- Installing: /home/yahboom/roscourse_ws/install/turtle_interfaces/lib/libturtle_interfaces__rosidl_typesupport_fastrtps_c.so
[5.830s] -- Set runtime path of "/home/yahboom/roscourse_ws/install/turtle_interfaces/lib/libturtle_interfaces__rosidl_typesupport_fastrtps_c.so" to ""
[5.830s] -- Up-to-date: /home/yahboom/roscourse_ws/install/turtle_interfaces/include/turtle_interfaces
[5.830s] -- Up-to-date: /home/yahboom/roscourse_ws/install/turtle_interfaces/include/turtle_interfaces/msg
[5.830s] -- Up-to-date: /home/yahboom/roscourse_ws/install/turtle_interfaces/include/turtle_interfaces/msg/detail
[5.830s] -- Up-to-date: /home/yahboom/roscourse_ws/install/turtle_interfaces/include/turtle_interfaces/msg/detail/dds_fastrtps
[5.831s] -- Installing: /home/yahboom/roscourse_ws/install/turtle_interfaces/include/turtle_interfaces/msg/detail/turtle_msg__rosidl_typesupport_fastrtps_cpp.hpp
[5.831s] -- Up-to-date: /home/yahboom/roscourse_ws/install/turtle_interfaces/include/turtle_interfaces/msg/rosidl_typesupport_fastrtps_cpp__visibility_control.h
[5.831s] -- Up-to-date: /home/yahboom/roscourse_ws/install/turtle_interfaces/include/turtle_interfaces/action
[5.831s] -- Up-to-date: /home/yahboom/roscourse_ws/install/turtle_interfaces/include/turtle_interfaces/action/detail
[5.831s] -- Installing: /home/yahboom/roscourse_ws/install/turtle_interfaces/include/turtle_interfaces/action/detail/turtle_to_goals__rosidl_typesupport_fastrtps_cpp.hpp
[5.831s] -- Up-to-date: /home/yahboom/roscourse_ws/install/turtle_interfaces/include/turtle_interfaces/action/detail/dds_fastrtps
[5.831s] -- Up-to-date: /home/yahboom/roscourse_ws/install/turtle_interfaces/include/turtle_interfaces/srv
[5.831s] -- Up-to-date: /home/yahboom/roscourse_ws/install/turtle_interfaces/include/turtle_interfaces/srv/detail
[5.832s] -- Installing: /home/yahboom/roscourse_ws/install/turtle_interfaces/include/turtle_interfaces/srv/detail/set_pose__rosidl_typesupport_fastrtps_cpp.hpp
[5.832s] -- Installing: /home/yahboom/roscourse_ws/install/turtle_interfaces/include/turtle_interfaces/srv/detail/set_color__rosidl_typesupport_fastrtps_cpp.hpp
[5.832s] -- Up-to-date: /home/yahboom/roscourse_ws/install/turtle_interfaces/include/turtle_interfaces/srv/detail/dds_fastrtps
[5.832s] -- Installing: /home/yahboom/roscourse_ws/install/turtle_interfaces/lib/libturtle_interfaces__rosidl_typesupport_fastrtps_cpp.so
[5.832s] -- Set runtime path of "/home/yahboom/roscourse_ws/install/turtle_interfaces/lib/libturtle_interfaces__rosidl_typesupport_fastrtps_cpp.so" to ""
[5.832s] -- Up-to-date: /home/yahboom/roscourse_ws/install/turtle_interfaces/include/turtle_interfaces
[5.832s] -- Up-to-date: /home/yahboom/roscourse_ws/install/turtle_interfaces/include/turtle_interfaces/msg
[5.832s] -- Up-to-date: /home/yahboom/roscourse_ws/install/turtle_interfaces/include/turtle_interfaces/msg/detail
[5.832s] -- Installing: /home/yahboom/roscourse_ws/install/turtle_interfaces/include/turtle_interfaces/msg/detail/turtle_msg__type_support.c
[5.832s] -- Installing: /home/yahboom/roscourse_ws/install/turtle_interfaces/include/turtle_interfaces/msg/detail/turtle_msg__rosidl_typesupport_introspection_c.h
[5.833s] -- Up-to-date: /home/yahboom/roscourse_ws/install/turtle_interfaces/include/turtle_interfaces/msg/rosidl_typesupport_introspection_c__visibility_control.h
[5.833s] -- Up-to-date: /home/yahboom/roscourse_ws/install/turtle_interfaces/include/turtle_interfaces/action
[5.833s] -- Up-to-date: /home/yahboom/roscourse_ws/install/turtle_interfaces/include/turtle_interfaces/action/detail
[5.833s] -- Installing: /home/yahboom/roscourse_ws/install/turtle_interfaces/include/turtle_interfaces/action/detail/turtle_to_goals__rosidl_typesupport_introspection_c.h
[5.833s] -- Installing: /home/yahboom/roscourse_ws/install/turtle_interfaces/include/turtle_interfaces/action/detail/turtle_to_goals__type_support.c
[5.833s] -- Up-to-date: /home/yahboom/roscourse_ws/install/turtle_interfaces/include/turtle_interfaces/srv
[5.833s] -- Up-to-date: /home/yahboom/roscourse_ws/install/turtle_interfaces/include/turtle_interfaces/srv/detail
[5.834s] -- Installing: /home/yahboom/roscourse_ws/install/turtle_interfaces/include/turtle_interfaces/srv/detail/set_pose__rosidl_typesupport_introspection_c.h
[5.834s] -- Installing: /home/yahboom/roscourse_ws/install/turtle_interfaces/include/turtle_interfaces/srv/detail/set_color__type_support.c
[5.834s] -- Installing: /home/yahboom/roscourse_ws/install/turtle_interfaces/include/turtle_interfaces/srv/detail/set_pose__type_support.c
[5.834s] -- Installing: /home/yahboom/roscourse_ws/install/turtle_interfaces/include/turtle_interfaces/srv/detail/set_color__rosidl_typesupport_introspection_c.h
[5.834s] -- Installing: /home/yahboom/roscourse_ws/install/turtle_interfaces/lib/libturtle_interfaces__rosidl_typesupport_introspection_c.so
[5.834s] -- Set runtime path of "/home/yahboom/roscourse_ws/install/turtle_interfaces/lib/libturtle_interfaces__rosidl_typesupport_introspection_c.so" to ""
[5.834s] -- Installing: /home/yahboom/roscourse_ws/install/turtle_interfaces/lib/libturtle_interfaces__rosidl_typesupport_c.so
[5.834s] -- Set runtime path of "/home/yahboom/roscourse_ws/install/turtle_interfaces/lib/libturtle_interfaces__rosidl_typesupport_c.so" to ""
[5.834s] -- Up-to-date: /home/yahboom/roscourse_ws/install/turtle_interfaces/include/turtle_interfaces
[5.834s] -- Up-to-date: /home/yahboom/roscourse_ws/install/turtle_interfaces/include/turtle_interfaces/msg
[5.835s] -- Up-to-date: /home/yahboom/roscourse_ws/install/turtle_interfaces/include/turtle_interfaces/msg/detail
[5.835s] -- Installing: /home/yahboom/roscourse_ws/install/turtle_interfaces/include/turtle_interfaces/msg/detail/turtle_msg__builder.hpp
[5.835s] -- Installing: /home/yahboom/roscourse_ws/install/turtle_interfaces/include/turtle_interfaces/msg/detail/turtle_msg__traits.hpp
[5.835s] -- Installing: /home/yahboom/roscourse_ws/install/turtle_interfaces/include/turtle_interfaces/msg/detail/turtle_msg__struct.hpp
[5.835s] -- Installing: /home/yahboom/roscourse_ws/install/turtle_interfaces/include/turtle_interfaces/msg/turtle_msg.hpp
[5.835s] -- Up-to-date: /home/yahboom/roscourse_ws/install/turtle_interfaces/include/turtle_interfaces/action
[5.835s] -- Up-to-date: /home/yahboom/roscourse_ws/install/turtle_interfaces/include/turtle_interfaces/action/detail
[5.835s] -- Installing: /home/yahboom/roscourse_ws/install/turtle_interfaces/include/turtle_interfaces/action/detail/turtle_to_goals__builder.hpp
[5.836s] -- Installing: /home/yahboom/roscourse_ws/install/turtle_interfaces/include/turtle_interfaces/action/detail/turtle_to_goals__struct.hpp
[5.836s] -- Installing: /home/yahboom/roscourse_ws/install/turtle_interfaces/include/turtle_interfaces/action/detail/turtle_to_goals__traits.hpp
[5.836s] -- Installing: /home/yahboom/roscourse_ws/install/turtle_interfaces/include/turtle_interfaces/action/turtle_to_goals.hpp
[5.836s] -- Up-to-date: /home/yahboom/roscourse_ws/install/turtle_interfaces/include/turtle_interfaces/srv
[5.836s] -- Up-to-date: /home/yahboom/roscourse_ws/install/turtle_interfaces/include/turtle_interfaces/srv/detail
[5.836s] -- Installing: /home/yahboom/roscourse_ws/install/turtle_interfaces/include/turtle_interfaces/srv/detail/set_color__struct.hpp
[5.836s] -- Installing: /home/yahboom/roscourse_ws/install/turtle_interfaces/include/turtle_interfaces/srv/detail/set_color__traits.hpp
[5.836s] -- Installing: /home/yahboom/roscourse_ws/install/turtle_interfaces/include/turtle_interfaces/srv/detail/set_pose__traits.hpp
[5.836s] -- Installing: /home/yahboom/roscourse_ws/install/turtle_interfaces/include/turtle_interfaces/srv/detail/set_pose__struct.hpp
[5.836s] -- Installing: /home/yahboom/roscourse_ws/install/turtle_interfaces/include/turtle_interfaces/srv/detail/set_color__builder.hpp
[5.836s] -- Installing: /home/yahboom/roscourse_ws/install/turtle_interfaces/include/turtle_interfaces/srv/detail/set_pose__builder.hpp
[5.836s] -- Installing: /home/yahboom/roscourse_ws/install/turtle_interfaces/include/turtle_interfaces/srv/set_pose.hpp
[5.837s] -- Installing: /home/yahboom/roscourse_ws/install/turtle_interfaces/include/turtle_interfaces/srv/set_color.hpp
[5.837s] -- Up-to-date: /home/yahboom/roscourse_ws/install/turtle_interfaces/include/turtle_interfaces
[5.837s] -- Up-to-date: /home/yahboom/roscourse_ws/install/turtle_interfaces/include/turtle_interfaces/msg
[5.837s] -- Up-to-date: /home/yahboom/roscourse_ws/install/turtle_interfaces/include/turtle_interfaces/msg/detail
[5.837s] -- Installing: /home/yahboom/roscourse_ws/install/turtle_interfaces/include/turtle_interfaces/msg/detail/turtle_msg__type_support.cpp
[5.837s] -- Installing: /home/yahboom/roscourse_ws/install/turtle_interfaces/include/turtle_interfaces/msg/detail/turtle_msg__rosidl_typesupport_introspection_cpp.hpp
[5.837s] -- Up-to-date: /home/yahboom/roscourse_ws/install/turtle_interfaces/include/turtle_interfaces/action
[5.837s] -- Up-to-date: /home/yahboom/roscourse_ws/install/turtle_interfaces/include/turtle_interfaces/action/detail
[5.837s] -- Installing: /home/yahboom/roscourse_ws/install/turtle_interfaces/include/turtle_interfaces/action/detail/turtle_to_goals__type_support.cpp
[5.837s] -- Installing: /home/yahboom/roscourse_ws/install/turtle_interfaces/include/turtle_interfaces/action/detail/turtle_to_goals__rosidl_typesupport_introspection_cpp.hpp
[5.837s] -- Up-to-date: /home/yahboom/roscourse_ws/install/turtle_interfaces/include/turtle_interfaces/srv
[5.837s] -- Up-to-date: /home/yahboom/roscourse_ws/install/turtle_interfaces/include/turtle_interfaces/srv/detail
[5.837s] -- Installing: /home/yahboom/roscourse_ws/install/turtle_interfaces/include/turtle_interfaces/srv/detail/set_pose__rosidl_typesupport_introspection_cpp.hpp
[5.837s] -- Installing: /home/yahboom/roscourse_ws/install/turtle_interfaces/include/turtle_interfaces/srv/detail/set_color__type_support.cpp
[5.837s] -- Installing: /home/yahboom/roscourse_ws/install/turtle_interfaces/include/turtle_interfaces/srv/detail/set_color__rosidl_typesupport_introspection_cpp.hpp
[5.837s] -- Installing: /home/yahboom/roscourse_ws/install/turtle_interfaces/include/turtle_interfaces/srv/detail/set_pose__type_support.cpp
[5.837s] -- Installing: /home/yahboom/roscourse_ws/install/turtle_interfaces/lib/libturtle_interfaces__rosidl_typesupport_introspection_cpp.so
[5.837s] -- Set runtime path of "/home/yahboom/roscourse_ws/install/turtle_interfaces/lib/libturtle_interfaces__rosidl_typesupport_introspection_cpp.so" to ""
[5.837s] -- Installing: /home/yahboom/roscourse_ws/install/turtle_interfaces/lib/libturtle_interfaces__rosidl_typesupport_cpp.so
[5.837s] -- Set runtime path of "/home/yahboom/roscourse_ws/install/turtle_interfaces/lib/libturtle_interfaces__rosidl_typesupport_cpp.so" to ""
[5.837s] -- Up-to-date: /home/yahboom/roscourse_ws/install/turtle_interfaces/share/turtle_interfaces/environment/pythonpath.sh
[5.837s] -- Installing: /home/yahboom/roscourse_ws/install/turtle_interfaces/share/turtle_interfaces/environment/pythonpath.dsv
[5.837s] -- Installing: /home/yahboom/roscourse_ws/install/turtle_interfaces/lib/python3.8/site-packages/turtle_interfaces/__init__.py
[5.870s] Compiling '/home/yahboom/roscourse_ws/install/turtle_interfaces/lib/python3.8/site-packages/turtle_interfaces/__init__.py'...
[5.873s] -- Up-to-date: /home/yahboom/roscourse_ws/install/turtle_interfaces/lib/python3.8/site-packages/turtle_interfaces/msg
[5.873s] -- Installing: /home/yahboom/roscourse_ws/install/turtle_interfaces/lib/python3.8/site-packages/turtle_interfaces/msg/__init__.py
[5.873s] -- Installing: /home/yahboom/roscourse_ws/install/turtle_interfaces/lib/python3.8/site-packages/turtle_interfaces/msg/_turtle_msg_s.c
[5.874s] -- Installing: /home/yahboom/roscourse_ws/install/turtle_interfaces/lib/python3.8/site-packages/turtle_interfaces/msg/_turtle_msg.py
[5.874s] -- Up-to-date: /home/yahboom/roscourse_ws/install/turtle_interfaces/lib/python3.8/site-packages/turtle_interfaces/srv
[5.874s] -- Installing: /home/yahboom/roscourse_ws/install/turtle_interfaces/lib/python3.8/site-packages/turtle_interfaces/srv/_set_color.py
[5.874s] -- Installing: /home/yahboom/roscourse_ws/install/turtle_interfaces/lib/python3.8/site-packages/turtle_interfaces/srv/__init__.py
[5.874s] -- Installing: /home/yahboom/roscourse_ws/install/turtle_interfaces/lib/python3.8/site-packages/turtle_interfaces/srv/_set_pose_s.c
[5.874s] -- Installing: /home/yahboom/roscourse_ws/install/turtle_interfaces/lib/python3.8/site-packages/turtle_interfaces/srv/_set_pose.py
[5.875s] -- Installing: /home/yahboom/roscourse_ws/install/turtle_interfaces/lib/python3.8/site-packages/turtle_interfaces/srv/_set_color_s.c
[5.875s] -- Up-to-date: /home/yahboom/roscourse_ws/install/turtle_interfaces/lib/python3.8/site-packages/turtle_interfaces/action
[5.875s] -- Installing: /home/yahboom/roscourse_ws/install/turtle_interfaces/lib/python3.8/site-packages/turtle_interfaces/action/_turtle_to_goals_s.c
[5.875s] -- Installing: /home/yahboom/roscourse_ws/install/turtle_interfaces/lib/python3.8/site-packages/turtle_interfaces/action/__init__.py
[5.875s] -- Installing: /home/yahboom/roscourse_ws/install/turtle_interfaces/lib/python3.8/site-packages/turtle_interfaces/action/_turtle_to_goals.py
[5.875s] -- Installing: /home/yahboom/roscourse_ws/install/turtle_interfaces/lib/python3.8/site-packages/turtle_interfaces/turtle_interfaces_s__rosidl_typesupport_fastrtps_c.cpython-38-x86_64-linux-gnu.so
[5.875s] -- Set runtime path of "/home/yahboom/roscourse_ws/install/turtle_interfaces/lib/python3.8/site-packages/turtle_interfaces/turtle_interfaces_s__rosidl_typesupport_fastrtps_c.cpython-38-x86_64-linux-gnu.so" to ""
[5.876s] -- Installing: /home/yahboom/roscourse_ws/install/turtle_interfaces/lib/python3.8/site-packages/turtle_interfaces/turtle_interfaces_s__rosidl_typesupport_introspection_c.cpython-38-x86_64-linux-gnu.so
[5.876s] -- Set runtime path of "/home/yahboom/roscourse_ws/install/turtle_interfaces/lib/python3.8/site-packages/turtle_interfaces/turtle_interfaces_s__rosidl_typesupport_introspection_c.cpython-38-x86_64-linux-gnu.so" to ""
[5.876s] -- Installing: /home/yahboom/roscourse_ws/install/turtle_interfaces/lib/python3.8/site-packages/turtle_interfaces/turtle_interfaces_s__rosidl_typesupport_c.cpython-38-x86_64-linux-gnu.so
[5.877s] -- Set runtime path of "/home/yahboom/roscourse_ws/install/turtle_interfaces/lib/python3.8/site-packages/turtle_interfaces/turtle_interfaces_s__rosidl_typesupport_c.cpython-38-x86_64-linux-gnu.so" to ""
[5.877s] -- Installing: /home/yahboom/roscourse_ws/install/turtle_interfaces/lib/libturtle_interfaces__python.so
[5.877s] -- Set runtime path of "/home/yahboom/roscourse_ws/install/turtle_interfaces/lib/libturtle_interfaces__python.so" to ""
[5.877s] -- Up-to-date: /home/yahboom/roscourse_ws/install/turtle_interfaces/share/turtle_interfaces/msg/TurtleMsg.idl
[5.877s] -- Up-to-date: /home/yahboom/roscourse_ws/install/turtle_interfaces/share/turtle_interfaces/srv/SetPose.idl
[5.877s] -- Up-to-date: /home/yahboom/roscourse_ws/install/turtle_interfaces/share/turtle_interfaces/srv/SetColor.idl
[5.878s] -- Installing: /home/yahboom/roscourse_ws/install/turtle_interfaces/share/turtle_interfaces/action/TurtleToGoals.idl
[5.878s] -- Up-to-date: /home/yahboom/roscourse_ws/install/turtle_interfaces/share/turtle_interfaces/msg/TurtleMsg.msg
[5.878s] -- Up-to-date: /home/yahboom/roscourse_ws/install/turtle_interfaces/share/turtle_interfaces/srv/SetPose.srv
[5.878s] -- Up-to-date: /home/yahboom/roscourse_ws/install/turtle_interfaces/share/turtle_interfaces/srv/SetPose_Request.msg
[5.878s] -- Up-to-date: /home/yahboom/roscourse_ws/install/turtle_interfaces/share/turtle_interfaces/srv/SetPose_Response.msg
[5.878s] -- Up-to-date: /home/yahboom/roscourse_ws/install/turtle_interfaces/share/turtle_interfaces/srv/SetColor.srv
[5.878s] -- Up-to-date: /home/yahboom/roscourse_ws/install/turtle_interfaces/share/turtle_interfaces/srv/SetColor_Request.msg
[5.878s] -- Up-to-date: /home/yahboom/roscourse_ws/install/turtle_interfaces/share/turtle_interfaces/srv/SetColor_Response.msg
[5.879s] -- Installing: /home/yahboom/roscourse_ws/install/turtle_interfaces/share/turtle_interfaces/action/TurtleToGoals.action
[5.879s] -- Up-to-date: /home/yahboom/roscourse_ws/install/turtle_interfaces/share/ament_index/resource_index/package_run_dependencies/turtle_interfaces
[5.879s] -- Up-to-date: /home/yahboom/roscourse_ws/install/turtle_interfaces/share/ament_index/resource_index/parent_prefix_path/turtle_interfaces
[5.879s] -- Up-to-date: /home/yahboom/roscourse_ws/install/turtle_interfaces/share/turtle_interfaces/environment/ament_prefix_path.sh
[5.879s] -- Installing: /home/yahboom/roscourse_ws/install/turtle_interfaces/share/turtle_interfaces/environment/ament_prefix_path.dsv
[5.879s] -- Up-to-date: /home/yahboom/roscourse_ws/install/turtle_interfaces/share/turtle_interfaces/environment/path.sh
[5.879s] -- Installing: /home/yahboom/roscourse_ws/install/turtle_interfaces/share/turtle_interfaces/environment/path.dsv
[5.879s] -- Up-to-date: /home/yahboom/roscourse_ws/install/turtle_interfaces/share/turtle_interfaces/local_setup.bash
[5.879s] -- Up-to-date: /home/yahboom/roscourse_ws/install/turtle_interfaces/share/turtle_interfaces/local_setup.sh
[5.880s] -- Up-to-date: /home/yahboom/roscourse_ws/install/turtle_interfaces/share/turtle_interfaces/local_setup.zsh
[5.880s] -- Installing: /home/yahboom/roscourse_ws/install/turtle_interfaces/share/turtle_interfaces/local_setup.dsv
[5.880s] -- Installing: /home/yahboom/roscourse_ws/install/turtle_interfaces/share/turtle_interfaces/package.dsv
[5.880s] -- Up-to-date: /home/yahboom/roscourse_ws/install/turtle_interfaces/share/ament_index/resource_index/packages/turtle_interfaces
[5.880s] -- Up-to-date: /home/yahboom/roscourse_ws/install/turtle_interfaces/share/turtle_interfaces/cmake/turtle_interfaces__rosidl_generator_cExport.cmake
[5.880s] -- Installing: /home/yahboom/roscourse_ws/install/turtle_interfaces/share/turtle_interfaces/cmake/turtle_interfaces__rosidl_generator_cExport-noconfig.cmake
[5.880s] -- Up-to-date: /home/yahboom/roscourse_ws/install/turtle_interfaces/share/turtle_interfaces/cmake/turtle_interfaces__rosidl_typesupport_introspection_cExport.cmake
[5.880s] -- Installing: /home/yahboom/roscourse_ws/install/turtle_interfaces/share/turtle_interfaces/cmake/turtle_interfaces__rosidl_typesupport_introspection_cExport-noconfig.cmake
[5.881s] -- Up-to-date: /home/yahboom/roscourse_ws/install/turtle_interfaces/share/turtle_interfaces/cmake/turtle_interfaces__rosidl_typesupport_cExport.cmake
[5.881s] -- Installing: /home/yahboom/roscourse_ws/install/turtle_interfaces/share/turtle_interfaces/cmake/turtle_interfaces__rosidl_typesupport_cExport-noconfig.cmake
[5.881s] -- Up-to-date: /home/yahboom/roscourse_ws/install/turtle_interfaces/share/turtle_interfaces/cmake/turtle_interfaces__rosidl_generator_cppExport.cmake
[5.881s] -- Up-to-date: /home/yahboom/roscourse_ws/install/turtle_interfaces/share/turtle_interfaces/cmake/turtle_interfaces__rosidl_typesupport_introspection_cppExport.cmake
[5.881s] -- Installing: /home/yahboom/roscourse_ws/install/turtle_interfaces/share/turtle_interfaces/cmake/turtle_interfaces__rosidl_typesupport_introspection_cppExport-noconfig.cmake
[5.881s] -- Up-to-date: /home/yahboom/roscourse_ws/install/turtle_interfaces/share/turtle_interfaces/cmake/turtle_interfaces__rosidl_typesupport_cppExport.cmake
[5.881s] -- Installing: /home/yahboom/roscourse_ws/install/turtle_interfaces/share/turtle_interfaces/cmake/turtle_interfaces__rosidl_typesupport_cppExport-noconfig.cmake
[5.881s] -- Up-to-date: /home/yahboom/roscourse_ws/install/turtle_interfaces/share/turtle_interfaces/cmake/rosidl_cmake-extras.cmake
[5.881s] -- Up-to-date: /home/yahboom/roscourse_ws/install/turtle_interfaces/share/turtle_interfaces/cmake/ament_cmake_export_dependencies-extras.cmake
[5.882s] -- Up-to-date: /home/yahboom/roscourse_ws/install/turtle_interfaces/share/turtle_interfaces/cmake/ament_cmake_export_libraries-extras.cmake
[5.882s] -- Up-to-date: /home/yahboom/roscourse_ws/install/turtle_interfaces/share/turtle_interfaces/cmake/ament_cmake_export_targets-extras.cmake
[5.882s] -- Up-to-date: /home/yahboom/roscourse_ws/install/turtle_interfaces/share/turtle_interfaces/cmake/ament_cmake_export_include_directories-extras.cmake
[5.882s] -- Up-to-date: /home/yahboom/roscourse_ws/install/turtle_interfaces/share/turtle_interfaces/cmake/rosidl_cmake_export_typesupport_libraries-extras.cmake
[5.882s] -- Up-to-date: /home/yahboom/roscourse_ws/install/turtle_interfaces/share/turtle_interfaces/cmake/rosidl_cmake_export_typesupport_targets-extras.cmake
[5.882s] -- Up-to-date: /home/yahboom/roscourse_ws/install/turtle_interfaces/share/turtle_interfaces/cmake/turtle_interfacesConfig.cmake
[5.882s] -- Up-to-date: /home/yahboom/roscourse_ws/install/turtle_interfaces/share/turtle_interfaces/cmake/turtle_interfacesConfig-version.cmake
[5.882s] -- Up-to-date: /home/yahboom/roscourse_ws/install/turtle_interfaces/share/turtle_interfaces/package.xml
[5.886s] Invoked command in '/home/yahboom/roscourse_ws/build/turtle_interfaces' returned '0': CMAKE_PREFIX_PATH=${CMAKE_PREFIX_PATH}:/home/yahboom/roscourse_ws/install/webcam:/home/yahboom/roscourse_ws/install/python_turtle:/home/yahboom/yahboomcar_ros2_ws/yahboomcar_ws/install/yahboomcar_voice_ctrl:/home/yahboom/yahboomcar_ros2_ws/yahboomcar_ws/install/yahboomcar_visual:/home/yahboom/yahboomcar_ros2_ws/yahboomcar_ws/install/yahboomcar_rviz:/home/yahboom/yahboomcar_ros2_ws/yahboomcar_ws/install/yahboomcar_nav:/home/yahboom/yahboomcar_ros2_ws/yahboomcar_ws/install/yahboomcar_multi:/home/yahboom/yahboomcar_ros2_ws/yahboomcar_ws/install/yahboomcar_mediapipe:/home/yahboom/yahboomcar_ros2_ws/yahboomcar_ws/install/yahboomcar_linefollow:/home/yahboom/yahboomcar_ros2_ws/yahboomcar_ws/install/yahboomcar_laser:/home/yahboom/yahboomcar_ros2_ws/yahboomcar_ws/install/yahboomcar_description_x1:/home/yahboom/yahboomcar_ros2_ws/yahboomcar_ws/install/yahboomcar_description:/home/yahboom/yahboomcar_ros2_ws/yahboomcar_ws/install/yahboomcar_ctrl:/home/yahboom/yahboomcar_ros2_ws/yahboomcar_ws/install/yahboomcar_bringup:/home/yahboom/yahboomcar_ros2_ws/yahboomcar_ws/install/yahboomcar_astra:/home/yahboom/yahboomcar_ros2_ws/yahboomcar_ws/install/robot_pose_publisher:/home/yahboom/yahboomcar_ros2_ws/yahboomcar_ws/install/laserscan_to_point_pulisher:/opt/ros/foxy /usr/bin/cmake --install /home/yahboom/roscourse_ws/build/turtle_interfaces
