running egg_info
creating ../../build/python_turtle/python_turtle.egg-info
writing ../../build/python_turtle/python_turtle.egg-info/PKG-INFO
writing dependency_links to ../../build/python_turtle/python_turtle.egg-info/dependency_links.txt
writing entry points to ../../build/python_turtle/python_turtle.egg-info/entry_points.txt
writing requirements to ../../build/python_turtle/python_turtle.egg-info/requires.txt
writing top-level names to ../../build/python_turtle/python_turtle.egg-info/top_level.txt
writing manifest file '../../build/python_turtle/python_turtle.egg-info/SOURCES.txt'
reading manifest file '../../build/python_turtle/python_turtle.egg-info/SOURCES.txt'
writing manifest file '../../build/python_turtle/python_turtle.egg-info/SOURCES.txt'
running build
running build_py
creating /home/yahboom/roscourse_ws/build/python_turtle/build
creating /home/yahboom/roscourse_ws/build/python_turtle/build/lib
creating /home/yahboom/roscourse_ws/build/python_turtle/build/lib/python_turtle
copying python_turtle/__init__.py -> /home/yahboom/roscourse_ws/build/python_turtle/build/lib/python_turtle
copying python_turtle/turtlebot_client.py -> /home/yahboom/roscourse_ws/build/python_turtle/build/lib/python_turtle
copying python_turtle/turtlebot_server.py -> /home/yahboom/roscourse_ws/build/python_turtle/build/lib/python_turtle
running install
running install_lib
creating /home/yahboom/roscourse_ws/install/python_turtle/lib/python3.8/site-packages/python_turtle
copying /home/yahboom/roscourse_ws/build/python_turtle/build/lib/python_turtle/__init__.py -> /home/yahboom/roscourse_ws/install/python_turtle/lib/python3.8/site-packages/python_turtle
copying /home/yahboom/roscourse_ws/build/python_turtle/build/lib/python_turtle/turtlebot_client.py -> /home/yahboom/roscourse_ws/install/python_turtle/lib/python3.8/site-packages/python_turtle
copying /home/yahboom/roscourse_ws/build/python_turtle/build/lib/python_turtle/turtlebot_server.py -> /home/yahboom/roscourse_ws/install/python_turtle/lib/python3.8/site-packages/python_turtle
byte-compiling /home/yahboom/roscourse_ws/install/python_turtle/lib/python3.8/site-packages/python_turtle/__init__.py to __init__.cpython-38.pyc
byte-compiling /home/yahboom/roscourse_ws/install/python_turtle/lib/python3.8/site-packages/python_turtle/turtlebot_client.py to turtlebot_client.cpython-38.pyc
byte-compiling /home/yahboom/roscourse_ws/install/python_turtle/lib/python3.8/site-packages/python_turtle/turtlebot_server.py to turtlebot_server.cpython-38.pyc
running install_data
creating /home/yahboom/roscourse_ws/install/python_turtle/share/ament_index
error: can't copy 'resource/python_turtle': doesn't exist or not a regular file
creating /home/yahboom/roscourse_ws/install/python_turtle/share/ament_index/resource_index
creating /home/yahboom/roscourse_ws/install/python_turtle/share/ament_index/resource_index/packages
