[0.698s] Invoking command in '/home/yahboom/roscourse_ws/src/python_turtle': PYTHONPATH=/home/yahboom/roscourse_ws/build/python_turtle/prefix_override:/home/yahboom/roscourse_ws/install/python_turtle/lib/python3.8/site-packages:/home/yahboom/roscourse_ws/install/turtle_interfaces/lib/python3.8/site-packages:/home/yahboom/roscourse_ws/install/webcam/lib/python3.8/site-packages:/home/yahboom/yahboomcar_ros2_ws/yahboomcar_ws/install/yahboomcar_voice_ctrl/lib/python3.8/site-packages:/home/yahboom/yahboomcar_ros2_ws/yahboomcar_ws/install/yahboomcar_visual/lib/python3.8/site-packages:/home/yahboom/yahboomcar_ros2_ws/yahboomcar_ws/install/yahboomcar_rviz/lib/python3.8/site-packages:/home/yahboom/yahboomcar_ros2_ws/yahboomcar_ws/install/yahboomcar_nav/lib/python3.8/site-packages:/home/yahboom/yahboomcar_ros2_ws/yahboomcar_ws/install/yahboomcar_multi/lib/python3.8/site-packages:/home/yahboom/yahboomcar_ros2_ws/yahboomcar_ws/install/yahboomcar_msgs/lib/python3.8/site-packages:/home/yahboom/yahboomcar_ros2_ws/yahboomcar_ws/install/yahboomcar_mediapipe/lib/python3.8/site-packages:/home/yahboom/yahboomcar_ros2_ws/yahboomcar_ws/install/yahboomcar_linefollow/lib/python3.8/site-packages:/home/yahboom/yahboomcar_ros2_ws/yahboomcar_ws/install/yahboomcar_laser/lib/python3.8/site-packages:/home/yahboom/yahboomcar_ros2_ws/yahboomcar_ws/install/yahboomcar_description_x1/lib/python3.8/site-packages:/home/yahboom/yahboomcar_ros2_ws/yahboomcar_ws/install/yahboomcar_description/lib/python3.8/site-packages:/home/yahboom/yahboomcar_ros2_ws/yahboomcar_ws/install/yahboomcar_ctrl/lib/python3.8/site-packages:/home/yahboom/yahboomcar_ros2_ws/yahboomcar_ws/install/yahboomcar_bringup/lib/python3.8/site-packages:/home/yahboom/yahboomcar_ros2_ws/yahboomcar_ws/install/yahboomcar_astra/lib/python3.8/site-packages:/home/yahboom/yahboomcar_ros2_ws/yahboomcar_ws/install/robot_pose_publisher/lib/python3.8/site-packages:/home/yahboom/yahboomcar_ros2_ws/yahboomcar_ws/install/laserscan_to_point_pulisher/lib/python3.8/site-packages:/home/yahboom/yahboomcar_ros2_ws/software/library_ws/install/teb_msgs/lib/python3.8/site-packages:/home/yahboom/yahboomcar_ros2_ws/software/library_ws/install/costmap_converter_msgs/lib/python3.8/site-packages:/opt/ros/foxy/lib/python3.8/site-packages /usr/bin/python3 setup.py egg_info --egg-base ../../build/python_turtle build --build-base /home/yahboom/roscourse_ws/build/python_turtle/build install --record /home/yahboom/roscourse_ws/build/python_turtle/install.log --install-scripts $base/lib/python_-turtle --single-version-externally-managed
[0.934s] running egg_info
[0.934s] creating ../../build/python_turtle/python_turtle.egg-info
[0.935s] writing ../../build/python_turtle/python_turtle.egg-info/PKG-INFO
[0.935s] writing dependency_links to ../../build/python_turtle/python_turtle.egg-info/dependency_links.txt
[0.935s] writing entry points to ../../build/python_turtle/python_turtle.egg-info/entry_points.txt
[0.935s] writing requirements to ../../build/python_turtle/python_turtle.egg-info/requires.txt
[0.935s] writing top-level names to ../../build/python_turtle/python_turtle.egg-info/top_level.txt
[0.936s] writing manifest file '../../build/python_turtle/python_turtle.egg-info/SOURCES.txt'
[0.968s] reading manifest file '../../build/python_turtle/python_turtle.egg-info/SOURCES.txt'
[0.968s] writing manifest file '../../build/python_turtle/python_turtle.egg-info/SOURCES.txt'
[0.969s] running build
[0.969s] running build_py
[0.969s] creating /home/yahboom/roscourse_ws/build/python_turtle/build
[0.969s] creating /home/yahboom/roscourse_ws/build/python_turtle/build/lib
[0.969s] creating /home/yahboom/roscourse_ws/build/python_turtle/build/lib/python_turtle
[0.969s] copying python_turtle/__init__.py -> /home/yahboom/roscourse_ws/build/python_turtle/build/lib/python_turtle
[0.969s] copying python_turtle/turtlebot_client.py -> /home/yahboom/roscourse_ws/build/python_turtle/build/lib/python_turtle
[0.969s] copying python_turtle/turtlebot_server.py -> /home/yahboom/roscourse_ws/build/python_turtle/build/lib/python_turtle
[0.969s] running install
[0.970s] running install_lib
[0.971s] creating /home/yahboom/roscourse_ws/install/python_turtle/lib/python3.8/site-packages/python_turtle
[0.971s] copying /home/yahboom/roscourse_ws/build/python_turtle/build/lib/python_turtle/__init__.py -> /home/yahboom/roscourse_ws/install/python_turtle/lib/python3.8/site-packages/python_turtle
[0.971s] copying /home/yahboom/roscourse_ws/build/python_turtle/build/lib/python_turtle/turtlebot_client.py -> /home/yahboom/roscourse_ws/install/python_turtle/lib/python3.8/site-packages/python_turtle
[0.971s] copying /home/yahboom/roscourse_ws/build/python_turtle/build/lib/python_turtle/turtlebot_server.py -> /home/yahboom/roscourse_ws/install/python_turtle/lib/python3.8/site-packages/python_turtle
[0.972s] byte-compiling /home/yahboom/roscourse_ws/install/python_turtle/lib/python3.8/site-packages/python_turtle/__init__.py to __init__.cpython-38.pyc
[0.973s] byte-compiling /home/yahboom/roscourse_ws/install/python_turtle/lib/python3.8/site-packages/python_turtle/turtlebot_client.py to turtlebot_client.cpython-38.pyc
[0.974s] byte-compiling /home/yahboom/roscourse_ws/install/python_turtle/lib/python3.8/site-packages/python_turtle/turtlebot_server.py to turtlebot_server.cpython-38.pyc
[0.974s] running install_data
[0.975s] creating /home/yahboom/roscourse_ws/install/python_turtle/share/ament_index
[0.975s] error: can't copy 'resource/python_turtle': doesn't exist or not a regular file
[0.975s] creating /home/yahboom/roscourse_ws/install/python_turtle/share/ament_index/resource_index
[0.976s] creating /home/yahboom/roscourse_ws/install/python_turtle/share/ament_index/resource_index/packages
[0.998s] Invoked command in '/home/yahboom/roscourse_ws/src/python_turtle' returned '1': PYTHONPATH=/home/yahboom/roscourse_ws/build/python_turtle/prefix_override:/home/yahboom/roscourse_ws/install/python_turtle/lib/python3.8/site-packages:/home/yahboom/roscourse_ws/install/turtle_interfaces/lib/python3.8/site-packages:/home/yahboom/roscourse_ws/install/webcam/lib/python3.8/site-packages:/home/yahboom/yahboomcar_ros2_ws/yahboomcar_ws/install/yahboomcar_voice_ctrl/lib/python3.8/site-packages:/home/yahboom/yahboomcar_ros2_ws/yahboomcar_ws/install/yahboomcar_visual/lib/python3.8/site-packages:/home/yahboom/yahboomcar_ros2_ws/yahboomcar_ws/install/yahboomcar_rviz/lib/python3.8/site-packages:/home/yahboom/yahboomcar_ros2_ws/yahboomcar_ws/install/yahboomcar_nav/lib/python3.8/site-packages:/home/yahboom/yahboomcar_ros2_ws/yahboomcar_ws/install/yahboomcar_multi/lib/python3.8/site-packages:/home/yahboom/yahboomcar_ros2_ws/yahboomcar_ws/install/yahboomcar_msgs/lib/python3.8/site-packages:/home/yahboom/yahboomcar_ros2_ws/yahboomcar_ws/install/yahboomcar_mediapipe/lib/python3.8/site-packages:/home/yahboom/yahboomcar_ros2_ws/yahboomcar_ws/install/yahboomcar_linefollow/lib/python3.8/site-packages:/home/yahboom/yahboomcar_ros2_ws/yahboomcar_ws/install/yahboomcar_laser/lib/python3.8/site-packages:/home/yahboom/yahboomcar_ros2_ws/yahboomcar_ws/install/yahboomcar_description_x1/lib/python3.8/site-packages:/home/yahboom/yahboomcar_ros2_ws/yahboomcar_ws/install/yahboomcar_description/lib/python3.8/site-packages:/home/yahboom/yahboomcar_ros2_ws/yahboomcar_ws/install/yahboomcar_ctrl/lib/python3.8/site-packages:/home/yahboom/yahboomcar_ros2_ws/yahboomcar_ws/install/yahboomcar_bringup/lib/python3.8/site-packages:/home/yahboom/yahboomcar_ros2_ws/yahboomcar_ws/install/yahboomcar_astra/lib/python3.8/site-packages:/home/yahboom/yahboomcar_ros2_ws/yahboomcar_ws/install/robot_pose_publisher/lib/python3.8/site-packages:/home/yahboom/yahboomcar_ros2_ws/yahboomcar_ws/install/laserscan_to_point_pulisher/lib/python3.8/site-packages:/home/yahboom/yahboomcar_ros2_ws/software/library_ws/install/teb_msgs/lib/python3.8/site-packages:/home/yahboom/yahboomcar_ros2_ws/software/library_ws/install/costmap_converter_msgs/lib/python3.8/site-packages:/opt/ros/foxy/lib/python3.8/site-packages /usr/bin/python3 setup.py egg_info --egg-base ../../build/python_turtle build --build-base /home/yahboom/roscourse_ws/build/python_turtle/build install --record /home/yahboom/roscourse_ws/build/python_turtle/install.log --install-scripts $base/lib/python_-turtle --single-version-externally-managed
