[0.815s] Invoking command in '/home/yahboom/roscourse_ws/build/webcam': PYTHONPATH=/home/yahboom/roscourse_ws/build/webcam/prefix_override:/home/yahboom/roscourse_ws/install/webcam/lib/python3.8/site-packages:${PYTHONPATH} /usr/bin/python3 setup.py develop --uninstall --editable --build-directory /home/yahboom/roscourse_ws/build/webcam/build
[1.060s] running develop
[1.212s] Invoked command in '/home/yahboom/roscourse_ws/build/webcam' returned '0': PYTHONPATH=/home/yahboom/roscourse_ws/build/webcam/prefix_override:/home/yahboom/roscourse_ws/install/webcam/lib/python3.8/site-packages:${PYTHONPATH} /usr/bin/python3 setup.py develop --uninstall --editable --build-directory /home/yahboom/roscourse_ws/build/webcam/build
[1.215s] Invoking command in '/home/yahboom/roscourse_ws/src/webcam': PYTHONPATH=/home/yahboom/roscourse_ws/build/webcam/prefix_override:/home/yahboom/roscourse_ws/install/webcam/lib/python3.8/site-packages:${PYTHONPATH} /usr/bin/python3 setup.py egg_info --egg-base ../../build/webcam build --build-base /home/yahboom/roscourse_ws/build/webcam/build install --record /home/yahboom/roscourse_ws/build/webcam/install.log --install-scripts $base/lib/webcam --single-version-externally-managed
[1.438s] running egg_info
[1.438s] writing ../../build/webcam/webcam.egg-info/PKG-INFO
[1.439s] writing dependency_links to ../../build/webcam/webcam.egg-info/dependency_links.txt
[1.439s] writing entry points to ../../build/webcam/webcam.egg-info/entry_points.txt
[1.439s] writing requirements to ../../build/webcam/webcam.egg-info/requires.txt
[1.440s] writing top-level names to ../../build/webcam/webcam.egg-info/top_level.txt
[1.472s] reading manifest file '../../build/webcam/webcam.egg-info/SOURCES.txt'
[1.473s] writing manifest file '../../build/webcam/webcam.egg-info/SOURCES.txt'
[1.473s] running build
[1.474s] running build_py
[1.474s] running install
[1.474s] running install_lib
[1.476s] running install_data
[1.476s] running install_egg_info
[1.478s] removing '/home/yahboom/roscourse_ws/install/webcam/lib/python3.8/site-packages/webcam-0.0.0-py3.8.egg-info' (and everything under it)
[1.478s] Copying ../../build/webcam/webcam.egg-info to /home/yahboom/roscourse_ws/install/webcam/lib/python3.8/site-packages/webcam-0.0.0-py3.8.egg-info
[1.479s] running install_scripts
[1.495s] Installing webcam_pub script to /home/yahboom/roscourse_ws/install/webcam/lib/webcam
[1.495s] Installing webcam_sub script to /home/yahboom/roscourse_ws/install/webcam/lib/webcam
[1.495s] writing list of installed files to '/home/yahboom/roscourse_ws/build/webcam/install.log'
[1.517s] Invoked command in '/home/yahboom/roscourse_ws/src/webcam' returned '0': PYTHONPATH=/home/yahboom/roscourse_ws/build/webcam/prefix_override:/home/yahboom/roscourse_ws/install/webcam/lib/python3.8/site-packages:${PYTHONPATH} /usr/bin/python3 setup.py egg_info --egg-base ../../build/webcam build --build-base /home/yahboom/roscourse_ws/build/webcam/build install --record /home/yahboom/roscourse_ws/build/webcam/install.log --install-scripts $base/lib/webcam --single-version-externally-managed
