running egg_info
writing ../../build/python_turtle/python_turtle.egg-info/PKG-INFO
writing dependency_links to ../../build/python_turtle/python_turtle.egg-info/dependency_links.txt
writing entry points to ../../build/python_turtle/python_turtle.egg-info/entry_points.txt
writing requirements to ../../build/python_turtle/python_turtle.egg-info/requires.txt
writing top-level names to ../../build/python_turtle/python_turtle.egg-info/top_level.txt
reading manifest file '../../build/python_turtle/python_turtle.egg-info/SOURCES.txt'
writing manifest file '../../build/python_turtle/python_turtle.egg-info/SOURCES.txt'
running build
running build_py
running install
running install_lib
running install_data
copying resource/python_turtle -> /home/yahboom/roscourse_ws/install/python_turtle/share/ament_index/resource_index/packages
copying package.xml -> /home/yahboom/roscourse_ws/install/python_turtle/share/python_turtle
running install_egg_info
Copying ../../build/python_turtle/python_turtle.egg-info to /home/yahboom/roscourse_ws/install/python_turtle/lib/python3.8/site-packages/python_turtle-0.0.0-py3.8.egg-info
running install_scripts
Installing turtlebot_client script to /home/yahboom/roscourse_ws/install/python_turtle/lib/python_-turtle
Installing turtlebot_server script to /home/yahboom/roscourse_ws/install/python_turtle/lib/python_-turtle
writing list of installed files to '/home/yahboom/roscourse_ws/build/python_turtle/install.log'
