[0.623s] Invoking command in '/home/yahboom/roscourse_ws/build/webcam': PYTHONPATH=/home/yahboom/roscourse_ws/build/webcam/prefix_override:/home/yahboom/roscourse_ws/install/webcam/lib/python3.8/site-packages:${PYTHONPATH} /usr/bin/python3 setup.py develop --uninstall --editable --build-directory /home/yahboom/roscourse_ws/build/webcam/build
[0.852s] running develop
[1.000s] Invoked command in '/home/yahboom/roscourse_ws/build/webcam' returned '0': PYTHONPATH=/home/yahboom/roscourse_ws/build/webcam/prefix_override:/home/yahboom/roscourse_ws/install/webcam/lib/python3.8/site-packages:${PYTHONPATH} /usr/bin/python3 setup.py develop --uninstall --editable --build-directory /home/yahboom/roscourse_ws/build/webcam/build
[1.000s] Invoking command in '/home/yahboom/roscourse_ws/src/webcam': PYTHONPATH=/home/yahboom/roscourse_ws/build/webcam/prefix_override:/home/yahboom/roscourse_ws/install/webcam/lib/python3.8/site-packages:${PYTHONPATH} /usr/bin/python3 setup.py egg_info --egg-base ../../build/webcam build --build-base /home/yahboom/roscourse_ws/build/webcam/build install --record /home/yahboom/roscourse_ws/build/webcam/install.log --install-scripts $base/lib/webcam --single-version-externally-managed
[1.209s] running egg_info
[1.209s] writing ../../build/webcam/webcam.egg-info/PKG-INFO
[1.209s] writing dependency_links to ../../build/webcam/webcam.egg-info/dependency_links.txt
[1.210s] writing entry points to ../../build/webcam/webcam.egg-info/entry_points.txt
[1.210s] writing requirements to ../../build/webcam/webcam.egg-info/requires.txt
[1.210s] writing top-level names to ../../build/webcam/webcam.egg-info/top_level.txt
[1.244s] reading manifest file '../../build/webcam/webcam.egg-info/SOURCES.txt'
[1.245s] writing manifest file '../../build/webcam/webcam.egg-info/SOURCES.txt'
[1.245s] running build
[1.245s] running build_py
[1.245s] running install
[1.246s] running install_lib
[1.248s] running install_data
[1.248s] running install_egg_info
[1.250s] removing '/home/yahboom/roscourse_ws/install/webcam/lib/python3.8/site-packages/webcam-0.0.0-py3.8.egg-info' (and everything under it)
[1.250s] Copying ../../build/webcam/webcam.egg-info to /home/yahboom/roscourse_ws/install/webcam/lib/python3.8/site-packages/webcam-0.0.0-py3.8.egg-info
[1.251s] running install_scripts
[1.267s] Installing webcam_pub script to /home/yahboom/roscourse_ws/install/webcam/lib/webcam
[1.268s] Installing webcam_sub script to /home/yahboom/roscourse_ws/install/webcam/lib/webcam
[1.268s] writing list of installed files to '/home/yahboom/roscourse_ws/build/webcam/install.log'
[1.287s] Invoked command in '/home/yahboom/roscourse_ws/src/webcam' returned '0': PYTHONPATH=/home/yahboom/roscourse_ws/build/webcam/prefix_override:/home/yahboom/roscourse_ws/install/webcam/lib/python3.8/site-packages:${PYTHONPATH} /usr/bin/python3 setup.py egg_info --egg-base ../../build/webcam build --build-base /home/yahboom/roscourse_ws/build/webcam/build install --record /home/yahboom/roscourse_ws/build/webcam/install.log --install-scripts $base/lib/webcam --single-version-externally-managed
