[0.654s] Invoking command in '/home/yahboom/roscourse_ws/build/webcam': PYTHONPATH=/home/yahboom/roscourse_ws/build/webcam/prefix_override:/home/yahboom/roscourse_ws/install/webcam/lib/python3.8/site-packages:${PYTHONPATH} /usr/bin/python3 setup.py develop --editable --build-directory /home/yahboom/roscourse_ws/build/webcam/build --no-deps install_data
[0.866s] running develop
[0.985s] running egg_info
[0.985s] creating webcam.egg-info
[0.985s] writing webcam.egg-info/PKG-INFO
[0.985s] writing dependency_links to webcam.egg-info/dependency_links.txt
[0.985s] writing entry points to webcam.egg-info/entry_points.txt
[0.985s] writing requirements to webcam.egg-info/requires.txt
[0.985s] writing top-level names to webcam.egg-info/top_level.txt
[0.992s] writing manifest file 'webcam.egg-info/SOURCES.txt'
[1.018s] reading manifest file 'webcam.egg-info/SOURCES.txt'
[1.018s] writing manifest file 'webcam.egg-info/SOURCES.txt'
[1.049s] running build_ext
[1.051s] Creating /home/yahboom/roscourse_ws/install/webcam/lib/python3.8/site-packages/site.py
[1.053s] Creating /home/yahboom/roscourse_ws/install/webcam/lib/python3.8/site-packages/webcam.egg-link (link to .)
[1.054s] Installing webcam_pub script to /home/yahboom/roscourse_ws/install/webcam/lib/webcam
[1.054s] Installing webcam_sub script to /home/yahboom/roscourse_ws/install/webcam/lib/webcam
[1.054s] 
[1.054s] Installed /home/yahboom/roscourse_ws/build/webcam
[1.054s] running install_data
[1.054s] creating /home/yahboom/roscourse_ws/install/webcam/share/ament_index
[1.055s] creating /home/yahboom/roscourse_ws/install/webcam/share/ament_index/resource_index
[1.055s] creating /home/yahboom/roscourse_ws/install/webcam/share/ament_index/resource_index/packages
[1.055s] copying resource/webcam -> /home/yahboom/roscourse_ws/install/webcam/share/ament_index/resource_index/packages
[1.055s] copying package.xml -> /home/yahboom/roscourse_ws/install/webcam/share/webcam
[1.077s] Invoked command in '/home/yahboom/roscourse_ws/build/webcam' returned '0': PYTHONPATH=/home/yahboom/roscourse_ws/build/webcam/prefix_override:/home/yahboom/roscourse_ws/install/webcam/lib/python3.8/site-packages:${PYTHONPATH} /usr/bin/python3 setup.py develop --editable --build-directory /home/yahboom/roscourse_ws/build/webcam/build --no-deps install_data
