[0.808s] Invoking command in '/home/yahboom/roscourse_ws/build/webcam': PYTHONPATH=/home/yahboom/roscourse_ws/build/webcam/prefix_override:/home/yahboom/roscourse_ws/install/webcam/lib/python3.8/site-packages:${PYTHONPATH} /usr/bin/python3 setup.py develop --uninstall --editable --build-directory /home/yahboom/roscourse_ws/build/webcam/build
[1.016s] running develop
[1.159s] Invoked command in '/home/yahboom/roscourse_ws/build/webcam' returned '0': PYTHONPATH=/home/yahboom/roscourse_ws/build/webcam/prefix_override:/home/yahboom/roscourse_ws/install/webcam/lib/python3.8/site-packages:${PYTHONPATH} /usr/bin/python3 setup.py develop --uninstall --editable --build-directory /home/yahboom/roscourse_ws/build/webcam/build
[1.162s] Invoking command in '/home/yahboom/roscourse_ws/src/webcam': PYTHONPATH=/home/yahboom/roscourse_ws/build/webcam/prefix_override:/home/yahboom/roscourse_ws/install/webcam/lib/python3.8/site-packages:${PYTHONPATH} /usr/bin/python3 setup.py egg_info --egg-base ../../build/webcam build --build-base /home/yahboom/roscourse_ws/build/webcam/build install --record /home/yahboom/roscourse_ws/build/webcam/install.log --install-scripts $base/lib/webcam --single-version-externally-managed
[1.362s] running egg_info
[1.363s] writing ../../build/webcam/webcam.egg-info/PKG-INFO
[1.363s] writing dependency_links to ../../build/webcam/webcam.egg-info/dependency_links.txt
[1.363s] writing entry points to ../../build/webcam/webcam.egg-info/entry_points.txt
[1.364s] writing requirements to ../../build/webcam/webcam.egg-info/requires.txt
[1.364s] writing top-level names to ../../build/webcam/webcam.egg-info/top_level.txt
[1.395s] reading manifest file '../../build/webcam/webcam.egg-info/SOURCES.txt'
[1.396s] writing manifest file '../../build/webcam/webcam.egg-info/SOURCES.txt'
[1.396s] running build
[1.396s] running build_py
[1.396s] running install
[1.397s] running install_lib
[1.398s] running install_data
[1.399s] running install_egg_info
[1.400s] removing '/home/yahboom/roscourse_ws/install/webcam/lib/python3.8/site-packages/webcam-0.0.0-py3.8.egg-info' (and everything under it)
[1.400s] Copying ../../build/webcam/webcam.egg-info to /home/yahboom/roscourse_ws/install/webcam/lib/python3.8/site-packages/webcam-0.0.0-py3.8.egg-info
[1.401s] running install_scripts
[1.419s] Installing webcam_pub script to /home/yahboom/roscourse_ws/install/webcam/lib/webcam
[1.419s] Installing webcam_sub script to /home/yahboom/roscourse_ws/install/webcam/lib/webcam
[1.419s] writing list of installed files to '/home/yahboom/roscourse_ws/build/webcam/install.log'
[1.437s] Invoked command in '/home/yahboom/roscourse_ws/src/webcam' returned '0': PYTHONPATH=/home/yahboom/roscourse_ws/build/webcam/prefix_override:/home/yahboom/roscourse_ws/install/webcam/lib/python3.8/site-packages:${PYTHONPATH} /usr/bin/python3 setup.py egg_info --egg-base ../../build/webcam build --build-base /home/yahboom/roscourse_ws/build/webcam/build install --record /home/yahboom/roscourse_ws/build/webcam/install.log --install-scripts $base/lib/webcam --single-version-externally-managed
