[0.723s] Invoking command in '/home/yahboom/roscourse_ws/build/webcam': PYTHONPATH=/home/yahboom/roscourse_ws/build/webcam/prefix_override:/home/yahboom/roscourse_ws/install/webcam/lib/python3.8/site-packages:${PYTHONPATH} /usr/bin/python3 setup.py develop --uninstall --editable --build-directory /home/yahboom/roscourse_ws/build/webcam/build
[0.983s] running develop
[1.132s] Removing /home/yahboom/roscourse_ws/install/webcam/lib/python3.8/site-packages/webcam.egg-link (link to .)
[1.154s] Invoked command in '/home/yahboom/roscourse_ws/build/webcam' returned '0': PYTHONPATH=/home/yahboom/roscourse_ws/build/webcam/prefix_override:/home/yahboom/roscourse_ws/install/webcam/lib/python3.8/site-packages:${PYTHONPATH} /usr/bin/python3 setup.py develop --uninstall --editable --build-directory /home/yahboom/roscourse_ws/build/webcam/build
[1.157s] Invoking command in '/home/yahboom/roscourse_ws/src/webcam': PYTHONPATH=/home/yahboom/roscourse_ws/build/webcam/prefix_override:/home/yahboom/roscourse_ws/install/webcam/lib/python3.8/site-packages:${PYTHONPATH} /usr/bin/python3 setup.py egg_info --egg-base ../../build/webcam build --build-base /home/yahboom/roscourse_ws/build/webcam/build install --record /home/yahboom/roscourse_ws/build/webcam/install.log --install-scripts $base/lib/webcam --single-version-externally-managed
[1.387s] running egg_info
[1.388s] writing ../../build/webcam/webcam.egg-info/PKG-INFO
[1.389s] writing dependency_links to ../../build/webcam/webcam.egg-info/dependency_links.txt
[1.389s] writing entry points to ../../build/webcam/webcam.egg-info/entry_points.txt
[1.389s] writing requirements to ../../build/webcam/webcam.egg-info/requires.txt
[1.390s] writing top-level names to ../../build/webcam/webcam.egg-info/top_level.txt
[1.422s] reading manifest file '../../build/webcam/webcam.egg-info/SOURCES.txt'
[1.422s] writing manifest file '../../build/webcam/webcam.egg-info/SOURCES.txt'
[1.423s] running build
[1.423s] running build_py
[1.423s] creating /home/yahboom/roscourse_ws/build/webcam/build
[1.423s] creating /home/yahboom/roscourse_ws/build/webcam/build/lib
[1.423s] creating /home/yahboom/roscourse_ws/build/webcam/build/lib/webcam
[1.423s] copying webcam/__init__.py -> /home/yahboom/roscourse_ws/build/webcam/build/lib/webcam
[1.424s] copying webcam/cam_sub.py -> /home/yahboom/roscourse_ws/build/webcam/build/lib/webcam
[1.424s] copying webcam/cam_pub.py -> /home/yahboom/roscourse_ws/build/webcam/build/lib/webcam
[1.424s] running install
[1.424s] running install_lib
[1.425s] creating /home/yahboom/roscourse_ws/install/webcam/lib/python3.8/site-packages/webcam
[1.425s] copying /home/yahboom/roscourse_ws/build/webcam/build/lib/webcam/__init__.py -> /home/yahboom/roscourse_ws/install/webcam/lib/python3.8/site-packages/webcam
[1.425s] copying /home/yahboom/roscourse_ws/build/webcam/build/lib/webcam/cam_sub.py -> /home/yahboom/roscourse_ws/install/webcam/lib/python3.8/site-packages/webcam
[1.425s] copying /home/yahboom/roscourse_ws/build/webcam/build/lib/webcam/cam_pub.py -> /home/yahboom/roscourse_ws/install/webcam/lib/python3.8/site-packages/webcam
[1.426s] byte-compiling /home/yahboom/roscourse_ws/install/webcam/lib/python3.8/site-packages/webcam/__init__.py to __init__.cpython-38.pyc
[1.427s] byte-compiling /home/yahboom/roscourse_ws/install/webcam/lib/python3.8/site-packages/webcam/cam_sub.py to cam_sub.cpython-38.pyc
[1.427s] byte-compiling /home/yahboom/roscourse_ws/install/webcam/lib/python3.8/site-packages/webcam/cam_pub.py to cam_pub.cpython-38.pyc
[1.428s] running install_data
[1.428s] running install_egg_info
[1.430s] Copying ../../build/webcam/webcam.egg-info to /home/yahboom/roscourse_ws/install/webcam/lib/python3.8/site-packages/webcam-0.0.0-py3.8.egg-info
[1.431s] running install_scripts
[1.450s] Installing webcam_pub script to /home/yahboom/roscourse_ws/install/webcam/lib/webcam
[1.450s] Installing webcam_sub script to /home/yahboom/roscourse_ws/install/webcam/lib/webcam
[1.450s] writing list of installed files to '/home/yahboom/roscourse_ws/build/webcam/install.log'
[1.472s] Invoked command in '/home/yahboom/roscourse_ws/src/webcam' returned '0': PYTHONPATH=/home/yahboom/roscourse_ws/build/webcam/prefix_override:/home/yahboom/roscourse_ws/install/webcam/lib/python3.8/site-packages:${PYTHONPATH} /usr/bin/python3 setup.py egg_info --egg-base ../../build/webcam build --build-base /home/yahboom/roscourse_ws/build/webcam/build install --record /home/yahboom/roscourse_ws/build/webcam/install.log --install-scripts $base/lib/webcam --single-version-externally-managed
