[0.609s] Invoking command in '/home/yahboom/roscourse_ws/src/python_turtle': AMENT_PREFIX_PATH=/home/yahboom/roscourse_ws/install/turtle_interfaces:${AMENT_PREFIX_PATH} CMAKE_PREFIX_PATH=/home/yahboom/roscourse_ws/install/turtle_interfaces:${CMAKE_PREFIX_PATH} LD_LIBRARY_PATH=/home/yahboom/roscourse_ws/install/turtle_interfaces/lib:${LD_LIBRARY_PATH} PYTHONPATH=/home/yahboom/roscourse_ws/build/python_turtle/prefix_override:/home/yahboom/roscourse_ws/install/python_turtle/lib/python3.8/site-packages:/home/yahboom/roscourse_ws/install/turtle_interfaces/lib/python3.8/site-packages:${PYTHONPATH} /usr/bin/python3 setup.py egg_info --egg-base ../../build/python_turtle build --build-base /home/yahboom/roscourse_ws/build/python_turtle/build install --record /home/yahboom/roscourse_ws/build/python_turtle/install.log --install-scripts $base/lib/python_turtle --single-version-externally-managed
[0.807s] running egg_info
[0.807s] writing ../../build/python_turtle/python_turtle.egg-info/PKG-INFO
[0.808s] writing dependency_links to ../../build/python_turtle/python_turtle.egg-info/dependency_links.txt
[0.809s] writing entry points to ../../build/python_turtle/python_turtle.egg-info/entry_points.txt
[0.810s] writing requirements to ../../build/python_turtle/python_turtle.egg-info/requires.txt
[0.810s] writing top-level names to ../../build/python_turtle/python_turtle.egg-info/top_level.txt
[0.841s] reading manifest file '../../build/python_turtle/python_turtle.egg-info/SOURCES.txt'
[0.842s] writing manifest file '../../build/python_turtle/python_turtle.egg-info/SOURCES.txt'
[0.842s] running build
[0.842s] running build_py
[0.842s] copying python_turtle/turtlebot_server.py -> /home/yahboom/roscourse_ws/build/python_turtle/build/lib/python_turtle
[0.843s] running install
[0.843s] running install_lib
[0.844s] copying /home/yahboom/roscourse_ws/build/python_turtle/build/lib/python_turtle/turtlebot_server.py -> /home/yahboom/roscourse_ws/install/python_turtle/lib/python3.8/site-packages/python_turtle
[0.845s] byte-compiling /home/yahboom/roscourse_ws/install/python_turtle/lib/python3.8/site-packages/python_turtle/turtlebot_server.py to turtlebot_server.cpython-38.pyc
[0.846s] Sorry: TabError: inconsistent use of tabs and spaces in indentation (turtlebot_server.py, line 87)
[0.847s] running install_data
[0.847s] running install_egg_info
[0.848s] removing '/home/yahboom/roscourse_ws/install/python_turtle/lib/python3.8/site-packages/python_turtle-0.0.0-py3.8.egg-info' (and everything under it)
[0.848s] Copying ../../build/python_turtle/python_turtle.egg-info to /home/yahboom/roscourse_ws/install/python_turtle/lib/python3.8/site-packages/python_turtle-0.0.0-py3.8.egg-info
[0.849s] running install_scripts
[0.864s] Installing service_client = python_turtle.service_client:mainaction_client script to /home/yahboom/roscourse_ws/install/python_turtle/lib/python_turtle
[0.864s] Installing turtlebot_client script to /home/yahboom/roscourse_ws/install/python_turtle/lib/python_turtle
[0.864s] Installing turtlebot_server script to /home/yahboom/roscourse_ws/install/python_turtle/lib/python_turtle
[0.865s] writing list of installed files to '/home/yahboom/roscourse_ws/build/python_turtle/install.log'
[0.886s] Invoked command in '/home/yahboom/roscourse_ws/src/python_turtle' returned '0': AMENT_PREFIX_PATH=/home/yahboom/roscourse_ws/install/turtle_interfaces:${AMENT_PREFIX_PATH} CMAKE_PREFIX_PATH=/home/yahboom/roscourse_ws/install/turtle_interfaces:${CMAKE_PREFIX_PATH} LD_LIBRARY_PATH=/home/yahboom/roscourse_ws/install/turtle_interfaces/lib:${LD_LIBRARY_PATH} PYTHONPATH=/home/yahboom/roscourse_ws/build/python_turtle/prefix_override:/home/yahboom/roscourse_ws/install/python_turtle/lib/python3.8/site-packages:/home/yahboom/roscourse_ws/install/turtle_interfaces/lib/python3.8/site-packages:${PYTHONPATH} /usr/bin/python3 setup.py egg_info --egg-base ../../build/python_turtle build --build-base /home/yahboom/roscourse_ws/build/python_turtle/build install --record /home/yahboom/roscourse_ws/build/python_turtle/install.log --install-scripts $base/lib/python_turtle --single-version-externally-managed
