[0.268s] DEBUG:colcon:Command line arguments: ['/usr/bin/colcon', 'build']
[0.268s] DEBUG:colcon:Parsed command line arguments: Namespace(allow_overriding=[], ament_cmake_args=None, base_paths=['.'], build_base='build', catkin_cmake_args=None, catkin_skip_building_tests=False, cmake_args=None, cmake_clean_cache=False, cmake_clean_first=False, cmake_force_configure=False, cmake_target=None, cmake_target_skip_unavailable=False, continue_on_error=False, event_handlers=None, executor='parallel', ignore_user_meta=False, install_base='install', log_base=None, log_level=None, main=<bound method BuildVerb.main of <colcon_core.verb.build.BuildVerb object at 0x7f0aba6b5190>>, merge_install=False, metas=['./colcon.meta'], packages_above=None, packages_above_and_dependencies=None, packages_above_depth=None, packages_end=None, packages_ignore=None, packages_ignore_regex=None, packages_select=None, packages_select_build_failed=False, packages_select_by_dep=None, packages_select_regex=None, packages_select_test_failures=False, packages_skip=None, packages_skip_build_finished=False, packages_skip_by_dep=None, packages_skip_regex=None, packages_skip_test_passed=False, packages_skip_up_to=None, packages_start=None, packages_up_to=None, packages_up_to_regex=None, parallel_workers=6, paths=None, symlink_install=False, test_result_base=None, verb_extension=<colcon_core.verb.build.BuildVerb object at 0x7f0aba6b5190>, verb_name='build', verb_parser=<colcon_defaults.argument_parser.defaults.DefaultArgumentsDecorator object at 0x7f0aba6b56d0>)
[0.292s] Level 1:colcon.colcon_core.package_discovery:discover_packages(colcon_meta) check parameters
[0.292s] Level 1:colcon.colcon_core.package_discovery:discover_packages(recursive) check parameters
[0.292s] Level 1:colcon.colcon_core.package_discovery:discover_packages(ignore) check parameters
[0.292s] Level 1:colcon.colcon_core.package_discovery:discover_packages(path) check parameters
[0.292s] Level 1:colcon.colcon_core.package_discovery:discover_packages(colcon_meta) discover
[0.292s] Level 1:colcon.colcon_core.package_discovery:discover_packages(recursive) discover
[0.292s] INFO:colcon.colcon_core.package_discovery:Crawling recursively for packages in '/home/yahboom/roscourse_ws'
[0.292s] Level 1:colcon.colcon_core.package_identification:_identify(.) by extensions ['ignore', 'ignore_ament_install']
[0.292s] Level 1:colcon.colcon_core.package_identification:_identify(.) by extension 'ignore'
[0.292s] Level 1:colcon.colcon_core.package_identification:_identify(.) by extension 'ignore_ament_install'
[0.292s] Level 1:colcon.colcon_core.package_identification:_identify(.) by extensions ['colcon_pkg']
[0.292s] Level 1:colcon.colcon_core.package_identification:_identify(.) by extension 'colcon_pkg'
[0.292s] Level 1:colcon.colcon_core.package_identification:_identify(.) by extensions ['colcon_meta']
[0.292s] Level 1:colcon.colcon_core.package_identification:_identify(.) by extension 'colcon_meta'
[0.292s] Level 1:colcon.colcon_core.package_identification:_identify(.) by extensions ['ros']
[0.292s] Level 1:colcon.colcon_core.package_identification:_identify(.) by extension 'ros'
[0.307s] Level 1:colcon.colcon_core.package_identification:_identify(.) by extensions ['cmake', 'python']
[0.307s] Level 1:colcon.colcon_core.package_identification:_identify(.) by extension 'cmake'
[0.307s] Level 1:colcon.colcon_core.package_identification:_identify(.) by extension 'python'
[0.307s] Level 1:colcon.colcon_core.package_identification:_identify(.) by extensions ['python_setup_py']
[0.307s] Level 1:colcon.colcon_core.package_identification:_identify(.) by extension 'python_setup_py'
[0.307s] Level 1:colcon.colcon_core.package_identification:_identify(build) by extensions ['ignore', 'ignore_ament_install']
[0.308s] Level 1:colcon.colcon_core.package_identification:_identify(build) by extension 'ignore'
[0.308s] Level 1:colcon.colcon_core.package_identification:_identify(build) ignored
[0.308s] Level 1:colcon.colcon_core.package_identification:_identify(install) by extensions ['ignore', 'ignore_ament_install']
[0.308s] Level 1:colcon.colcon_core.package_identification:_identify(install) by extension 'ignore'
[0.308s] Level 1:colcon.colcon_core.package_identification:_identify(install) ignored
[0.308s] Level 1:colcon.colcon_core.package_identification:_identify(log) by extensions ['ignore', 'ignore_ament_install']
[0.308s] Level 1:colcon.colcon_core.package_identification:_identify(log) by extension 'ignore'
[0.308s] Level 1:colcon.colcon_core.package_identification:_identify(log) ignored
[0.308s] Level 1:colcon.colcon_core.package_identification:_identify(src) by extensions ['ignore', 'ignore_ament_install']
[0.308s] Level 1:colcon.colcon_core.package_identification:_identify(src) by extension 'ignore'
[0.308s] Level 1:colcon.colcon_core.package_identification:_identify(src) by extension 'ignore_ament_install'
[0.308s] Level 1:colcon.colcon_core.package_identification:_identify(src) by extensions ['colcon_pkg']
[0.308s] Level 1:colcon.colcon_core.package_identification:_identify(src) by extension 'colcon_pkg'
[0.308s] Level 1:colcon.colcon_core.package_identification:_identify(src) by extensions ['colcon_meta']
[0.308s] Level 1:colcon.colcon_core.package_identification:_identify(src) by extension 'colcon_meta'
[0.308s] Level 1:colcon.colcon_core.package_identification:_identify(src) by extensions ['ros']
[0.308s] Level 1:colcon.colcon_core.package_identification:_identify(src) by extension 'ros'
[0.309s] Level 1:colcon.colcon_core.package_identification:_identify(src) by extensions ['cmake', 'python']
[0.309s] Level 1:colcon.colcon_core.package_identification:_identify(src) by extension 'cmake'
[0.309s] Level 1:colcon.colcon_core.package_identification:_identify(src) by extension 'python'
[0.309s] Level 1:colcon.colcon_core.package_identification:_identify(src) by extensions ['python_setup_py']
[0.309s] Level 1:colcon.colcon_core.package_identification:_identify(src) by extension 'python_setup_py'
[0.309s] Level 1:colcon.colcon_core.package_identification:_identify(src/python_turtle) by extensions ['ignore', 'ignore_ament_install']
[0.309s] Level 1:colcon.colcon_core.package_identification:_identify(src/python_turtle) by extension 'ignore'
[0.309s] Level 1:colcon.colcon_core.package_identification:_identify(src/python_turtle) by extension 'ignore_ament_install'
[0.309s] Level 1:colcon.colcon_core.package_identification:_identify(src/python_turtle) by extensions ['colcon_pkg']
[0.309s] Level 1:colcon.colcon_core.package_identification:_identify(src/python_turtle) by extension 'colcon_pkg'
[0.309s] Level 1:colcon.colcon_core.package_identification:_identify(src/python_turtle) by extensions ['colcon_meta']
[0.309s] Level 1:colcon.colcon_core.package_identification:_identify(src/python_turtle) by extension 'colcon_meta'
[0.309s] Level 1:colcon.colcon_core.package_identification:_identify(src/python_turtle) by extensions ['ros']
[0.309s] Level 1:colcon.colcon_core.package_identification:_identify(src/python_turtle) by extension 'ros'
[0.311s] DEBUG:colcon.colcon_core.package_identification:Package 'src/python_turtle' with type 'ros.ament_python' and name 'python_turtle'
[0.311s] Level 1:colcon.colcon_core.package_identification:_identify(src/turtle_interfaces) by extensions ['ignore', 'ignore_ament_install']
[0.311s] Level 1:colcon.colcon_core.package_identification:_identify(src/turtle_interfaces) by extension 'ignore'
[0.311s] Level 1:colcon.colcon_core.package_identification:_identify(src/turtle_interfaces) by extension 'ignore_ament_install'
[0.311s] Level 1:colcon.colcon_core.package_identification:_identify(src/turtle_interfaces) by extensions ['colcon_pkg']
[0.311s] Level 1:colcon.colcon_core.package_identification:_identify(src/turtle_interfaces) by extension 'colcon_pkg'
[0.311s] Level 1:colcon.colcon_core.package_identification:_identify(src/turtle_interfaces) by extensions ['colcon_meta']
[0.311s] Level 1:colcon.colcon_core.package_identification:_identify(src/turtle_interfaces) by extension 'colcon_meta'
[0.311s] Level 1:colcon.colcon_core.package_identification:_identify(src/turtle_interfaces) by extensions ['ros']
[0.311s] Level 1:colcon.colcon_core.package_identification:_identify(src/turtle_interfaces) by extension 'ros'
[0.312s] DEBUG:colcon.colcon_core.package_identification:Package 'src/turtle_interfaces' with type 'ros.ament_cmake' and name 'turtle_interfaces'
[0.312s] Level 1:colcon.colcon_core.package_identification:_identify(src/webcam) by extensions ['ignore', 'ignore_ament_install']
[0.312s] Level 1:colcon.colcon_core.package_identification:_identify(src/webcam) by extension 'ignore'
[0.312s] Level 1:colcon.colcon_core.package_identification:_identify(src/webcam) by extension 'ignore_ament_install'
[0.312s] Level 1:colcon.colcon_core.package_identification:_identify(src/webcam) by extensions ['colcon_pkg']
[0.312s] Level 1:colcon.colcon_core.package_identification:_identify(src/webcam) by extension 'colcon_pkg'
[0.312s] Level 1:colcon.colcon_core.package_identification:_identify(src/webcam) by extensions ['colcon_meta']
[0.312s] Level 1:colcon.colcon_core.package_identification:_identify(src/webcam) by extension 'colcon_meta'
[0.312s] Level 1:colcon.colcon_core.package_identification:_identify(src/webcam) by extensions ['ros']
[0.312s] Level 1:colcon.colcon_core.package_identification:_identify(src/webcam) by extension 'ros'
[0.313s] DEBUG:colcon.colcon_core.package_identification:Package 'src/webcam' with type 'ros.ament_python' and name 'webcam'
[0.313s] Level 1:colcon.colcon_core.package_discovery:discover_packages(recursive) using defaults
[0.313s] Level 1:colcon.colcon_core.package_discovery:discover_packages(ignore) discover
[0.313s] Level 1:colcon.colcon_core.package_discovery:discover_packages(ignore) using defaults
[0.313s] Level 1:colcon.colcon_core.package_discovery:discover_packages(path) discover
[0.313s] Level 1:colcon.colcon_core.package_discovery:discover_packages(path) using defaults
[0.331s] Level 1:colcon.colcon_core.package_discovery:discover_packages(prefix_path) check parameters
[0.331s] Level 1:colcon.colcon_core.package_discovery:discover_packages(prefix_path) discover
[0.334s] DEBUG:colcon.colcon_installed_package_information.package_discovery:Found 3 installed packages in /home/yahboom/roscourse_ws/install
[0.335s] DEBUG:colcon.colcon_installed_package_information.package_discovery:Found 10 installed packages in /home/yahboom/yahboomcar_ros2_ws/software/library_ws/install
[0.336s] DEBUG:colcon.colcon_installed_package_information.package_discovery:Found 20 installed packages in /home/yahboom/yahboomcar_ros2_ws/yahboomcar_ws/install
[0.338s] DEBUG:colcon.colcon_installed_package_information.package_discovery:Found 337 installed packages in /opt/ros/foxy
[0.339s] Level 1:colcon.colcon_core.package_discovery:discover_packages(prefix_path) using defaults
[0.405s] Level 5:colcon.colcon_core.verb:set package 'turtle_interfaces' build argument 'cmake_args' from command line to 'None'
[0.405s] Level 5:colcon.colcon_core.verb:set package 'turtle_interfaces' build argument 'cmake_target' from command line to 'None'
[0.406s] Level 5:colcon.colcon_core.verb:set package 'turtle_interfaces' build argument 'cmake_target_skip_unavailable' from command line to 'False'
[0.406s] Level 5:colcon.colcon_core.verb:set package 'turtle_interfaces' build argument 'cmake_clean_cache' from command line to 'False'
[0.406s] Level 5:colcon.colcon_core.verb:set package 'turtle_interfaces' build argument 'cmake_clean_first' from command line to 'False'
[0.406s] Level 5:colcon.colcon_core.verb:set package 'turtle_interfaces' build argument 'cmake_force_configure' from command line to 'False'
[0.406s] Level 5:colcon.colcon_core.verb:set package 'turtle_interfaces' build argument 'ament_cmake_args' from command line to 'None'
[0.406s] Level 5:colcon.colcon_core.verb:set package 'turtle_interfaces' build argument 'catkin_cmake_args' from command line to 'None'
[0.406s] Level 5:colcon.colcon_core.verb:set package 'turtle_interfaces' build argument 'catkin_skip_building_tests' from command line to 'False'
[0.406s] DEBUG:colcon.colcon_core.verb:Building package 'turtle_interfaces' with the following arguments: {'ament_cmake_args': None, 'build_base': '/home/yahboom/roscourse_ws/build/turtle_interfaces', 'catkin_cmake_args': None, 'catkin_skip_building_tests': False, 'cmake_args': None, 'cmake_clean_cache': False, 'cmake_clean_first': False, 'cmake_force_configure': False, 'cmake_target': None, 'cmake_target_skip_unavailable': False, 'install_base': '/home/yahboom/roscourse_ws/install/turtle_interfaces', 'merge_install': False, 'path': '/home/yahboom/roscourse_ws/src/turtle_interfaces', 'symlink_install': False, 'test_result_base': None}
[0.407s] Level 5:colcon.colcon_core.verb:set package 'webcam' build argument 'cmake_args' from command line to 'None'
[0.407s] Level 5:colcon.colcon_core.verb:set package 'webcam' build argument 'cmake_target' from command line to 'None'
[0.407s] Level 5:colcon.colcon_core.verb:set package 'webcam' build argument 'cmake_target_skip_unavailable' from command line to 'False'
[0.407s] Level 5:colcon.colcon_core.verb:set package 'webcam' build argument 'cmake_clean_cache' from command line to 'False'
[0.407s] Level 5:colcon.colcon_core.verb:set package 'webcam' build argument 'cmake_clean_first' from command line to 'False'
[0.407s] Level 5:colcon.colcon_core.verb:set package 'webcam' build argument 'cmake_force_configure' from command line to 'False'
[0.407s] Level 5:colcon.colcon_core.verb:set package 'webcam' build argument 'ament_cmake_args' from command line to 'None'
[0.407s] Level 5:colcon.colcon_core.verb:set package 'webcam' build argument 'catkin_cmake_args' from command line to 'None'
[0.407s] Level 5:colcon.colcon_core.verb:set package 'webcam' build argument 'catkin_skip_building_tests' from command line to 'False'
[0.407s] DEBUG:colcon.colcon_core.verb:Building package 'webcam' with the following arguments: {'ament_cmake_args': None, 'build_base': '/home/yahboom/roscourse_ws/build/webcam', 'catkin_cmake_args': None, 'catkin_skip_building_tests': False, 'cmake_args': None, 'cmake_clean_cache': False, 'cmake_clean_first': False, 'cmake_force_configure': False, 'cmake_target': None, 'cmake_target_skip_unavailable': False, 'install_base': '/home/yahboom/roscourse_ws/install/webcam', 'merge_install': False, 'path': '/home/yahboom/roscourse_ws/src/webcam', 'symlink_install': False, 'test_result_base': None}
[0.408s] Level 5:colcon.colcon_core.verb:set package 'python_turtle' build argument 'cmake_args' from command line to 'None'
[0.408s] Level 5:colcon.colcon_core.verb:set package 'python_turtle' build argument 'cmake_target' from command line to 'None'
[0.408s] Level 5:colcon.colcon_core.verb:set package 'python_turtle' build argument 'cmake_target_skip_unavailable' from command line to 'False'
[0.408s] Level 5:colcon.colcon_core.verb:set package 'python_turtle' build argument 'cmake_clean_cache' from command line to 'False'
[0.408s] Level 5:colcon.colcon_core.verb:set package 'python_turtle' build argument 'cmake_clean_first' from command line to 'False'
[0.408s] Level 5:colcon.colcon_core.verb:set package 'python_turtle' build argument 'cmake_force_configure' from command line to 'False'
[0.408s] Level 5:colcon.colcon_core.verb:set package 'python_turtle' build argument 'ament_cmake_args' from command line to 'None'
[0.408s] Level 5:colcon.colcon_core.verb:set package 'python_turtle' build argument 'catkin_cmake_args' from command line to 'None'
[0.408s] Level 5:colcon.colcon_core.verb:set package 'python_turtle' build argument 'catkin_skip_building_tests' from command line to 'False'
[0.408s] DEBUG:colcon.colcon_core.verb:Building package 'python_turtle' with the following arguments: {'ament_cmake_args': None, 'build_base': '/home/yahboom/roscourse_ws/build/python_turtle', 'catkin_cmake_args': None, 'catkin_skip_building_tests': False, 'cmake_args': None, 'cmake_clean_cache': False, 'cmake_clean_first': False, 'cmake_force_configure': False, 'cmake_target': None, 'cmake_target_skip_unavailable': False, 'install_base': '/home/yahboom/roscourse_ws/install/python_turtle', 'merge_install': False, 'path': '/home/yahboom/roscourse_ws/src/python_turtle', 'symlink_install': False, 'test_result_base': None}
[0.409s] INFO:colcon.colcon_core.executor:Executing jobs using 'parallel' executor
[0.412s] DEBUG:colcon.colcon_parallel_executor.executor.parallel:run_until_complete
[0.412s] INFO:colcon.colcon_ros.task.ament_cmake.build:Building ROS package in '/home/yahboom/roscourse_ws/src/turtle_interfaces' with build type 'ament_cmake'
[0.412s] INFO:colcon.colcon_cmake.task.cmake.build:Building CMake package in '/home/yahboom/roscourse_ws/src/turtle_interfaces'
[0.416s] INFO:colcon.colcon_core.plugin_system:Skipping extension 'colcon_core.shell.bat': Not used on non-Windows systems
[0.417s] INFO:colcon.colcon_core.shell:Skip shell extension 'powershell' for command environment: Not usable outside of PowerShell
[0.417s] DEBUG:colcon.colcon_core.shell:Skip shell extension 'dsv' for command environment
[0.425s] INFO:colcon.colcon_ros.task.ament_python.build:Building ROS package in '/home/yahboom/roscourse_ws/src/webcam' with build type 'ament_python'
[0.425s] Level 1:colcon.colcon_core.shell:create_environment_hook('webcam', 'ament_prefix_path')
[0.427s] INFO:colcon.colcon_core.shell:Creating environment hook '/home/yahboom/roscourse_ws/install/webcam/share/webcam/hook/ament_prefix_path.ps1'
[0.430s] INFO:colcon.colcon_core.shell:Creating environment descriptor '/home/yahboom/roscourse_ws/install/webcam/share/webcam/hook/ament_prefix_path.dsv'
[0.430s] INFO:colcon.colcon_core.shell:Creating environment hook '/home/yahboom/roscourse_ws/install/webcam/share/webcam/hook/ament_prefix_path.sh'
[0.432s] INFO:colcon.colcon_core.shell:Skip shell extension 'powershell' for command environment: Not usable outside of PowerShell
[0.432s] DEBUG:colcon.colcon_core.shell:Skip shell extension 'dsv' for command environment
[0.448s] DEBUG:colcon.colcon_core.event_handler.log_command:Invoking command in '/home/yahboom/roscourse_ws/build/turtle_interfaces': CMAKE_PREFIX_PATH=${CMAKE_PREFIX_PATH}:/home/yahboom/roscourse_ws/install/webcam:/home/yahboom/roscourse_ws/install/python_turtle:/home/yahboom/yahboomcar_ros2_ws/yahboomcar_ws/install/yahboomcar_voice_ctrl:/home/yahboom/yahboomcar_ros2_ws/yahboomcar_ws/install/yahboomcar_visual:/home/yahboom/yahboomcar_ros2_ws/yahboomcar_ws/install/yahboomcar_rviz:/home/yahboom/yahboomcar_ros2_ws/yahboomcar_ws/install/yahboomcar_nav:/home/yahboom/yahboomcar_ros2_ws/yahboomcar_ws/install/yahboomcar_multi:/home/yahboom/yahboomcar_ros2_ws/yahboomcar_ws/install/yahboomcar_mediapipe:/home/yahboom/yahboomcar_ros2_ws/yahboomcar_ws/install/yahboomcar_linefollow:/home/yahboom/yahboomcar_ros2_ws/yahboomcar_ws/install/yahboomcar_laser:/home/yahboom/yahboomcar_ros2_ws/yahboomcar_ws/install/yahboomcar_description_x1:/home/yahboom/yahboomcar_ros2_ws/yahboomcar_ws/install/yahboomcar_description:/home/yahboom/yahboomcar_ros2_ws/yahboomcar_ws/install/yahboomcar_ctrl:/home/yahboom/yahboomcar_ros2_ws/yahboomcar_ws/install/yahboomcar_bringup:/home/yahboom/yahboomcar_ros2_ws/yahboomcar_ws/install/yahboomcar_astra:/home/yahboom/yahboomcar_ros2_ws/yahboomcar_ws/install/robot_pose_publisher:/home/yahboom/yahboomcar_ros2_ws/yahboomcar_ws/install/laserscan_to_point_pulisher:/opt/ros/foxy /usr/bin/cmake --build /home/yahboom/roscourse_ws/build/turtle_interfaces -- -j6 -l6
[0.686s] INFO:colcon.colcon_core.task.python.build:Building Python package in '/home/yahboom/roscourse_ws/src/webcam'
[0.688s] INFO:colcon.colcon_core.shell:Skip shell extension 'powershell' for command environment: Not usable outside of PowerShell
[0.688s] DEBUG:colcon.colcon_core.shell:Skip shell extension 'dsv' for command environment
[1.061s] DEBUG:colcon.colcon_core.event_handler.log_command:Invoking command in '/home/yahboom/roscourse_ws/build/webcam': PYTHONPATH=/home/yahboom/roscourse_ws/build/webcam/prefix_override:/home/yahboom/roscourse_ws/install/webcam/lib/python3.8/site-packages:${PYTHONPATH} /usr/bin/python3 setup.py develop --uninstall --editable --build-directory /home/yahboom/roscourse_ws/build/webcam/build
[1.436s] DEBUG:colcon.colcon_core.event_handler.log_command:Invoked command in '/home/yahboom/roscourse_ws/build/webcam' returned '0': PYTHONPATH=/home/yahboom/roscourse_ws/build/webcam/prefix_override:/home/yahboom/roscourse_ws/install/webcam/lib/python3.8/site-packages:${PYTHONPATH} /usr/bin/python3 setup.py develop --uninstall --editable --build-directory /home/yahboom/roscourse_ws/build/webcam/build
[1.439s] DEBUG:colcon.colcon_core.event_handler.log_command:Invoking command in '/home/yahboom/roscourse_ws/src/webcam': PYTHONPATH=/home/yahboom/roscourse_ws/build/webcam/prefix_override:/home/yahboom/roscourse_ws/install/webcam/lib/python3.8/site-packages:${PYTHONPATH} /usr/bin/python3 setup.py egg_info --egg-base ../../build/webcam build --build-base /home/yahboom/roscourse_ws/build/webcam/build install --record /home/yahboom/roscourse_ws/build/webcam/install.log --install-scripts $base/lib/webcam --single-version-externally-managed
[1.725s] DEBUG:colcon.colcon_core.event_handler.log_command:Invoked command in '/home/yahboom/roscourse_ws/src/webcam' returned '0': PYTHONPATH=/home/yahboom/roscourse_ws/build/webcam/prefix_override:/home/yahboom/roscourse_ws/install/webcam/lib/python3.8/site-packages:${PYTHONPATH} /usr/bin/python3 setup.py egg_info --egg-base ../../build/webcam build --build-base /home/yahboom/roscourse_ws/build/webcam/build install --record /home/yahboom/roscourse_ws/build/webcam/install.log --install-scripts $base/lib/webcam --single-version-externally-managed
[1.729s] Level 1:colcon.colcon_core.environment:checking '/home/yahboom/roscourse_ws/install/webcam' for CMake module files
[1.730s] Level 1:colcon.colcon_core.environment:checking '/home/yahboom/roscourse_ws/install/webcam' for CMake config files
[1.730s] Level 1:colcon.colcon_core.environment:checking '/home/yahboom/roscourse_ws/install/webcam/lib'
[1.730s] Level 1:colcon.colcon_core.environment:checking '/home/yahboom/roscourse_ws/install/webcam/bin'
[1.731s] Level 1:colcon.colcon_core.environment:checking '/home/yahboom/roscourse_ws/install/webcam/lib/pkgconfig/webcam.pc'
[1.731s] Level 1:colcon.colcon_core.environment:checking '/home/yahboom/roscourse_ws/install/webcam/lib/python3.8/site-packages'
[1.731s] Level 1:colcon.colcon_core.shell:create_environment_hook('webcam', 'pythonpath')
[1.732s] INFO:colcon.colcon_core.shell:Creating environment hook '/home/yahboom/roscourse_ws/install/webcam/share/webcam/hook/pythonpath.ps1'
[1.733s] INFO:colcon.colcon_core.shell:Creating environment descriptor '/home/yahboom/roscourse_ws/install/webcam/share/webcam/hook/pythonpath.dsv'
[1.733s] INFO:colcon.colcon_core.shell:Creating environment hook '/home/yahboom/roscourse_ws/install/webcam/share/webcam/hook/pythonpath.sh'
[1.734s] Level 1:colcon.colcon_core.environment:checking '/home/yahboom/roscourse_ws/install/webcam/bin'
[1.734s] Level 1:colcon.colcon_core.environment:create_environment_scripts_only(webcam)
[1.735s] INFO:colcon.colcon_core.shell:Creating package script '/home/yahboom/roscourse_ws/install/webcam/share/webcam/package.ps1'
[1.736s] INFO:colcon.colcon_core.shell:Creating package descriptor '/home/yahboom/roscourse_ws/install/webcam/share/webcam/package.dsv'
[1.737s] INFO:colcon.colcon_core.shell:Creating package script '/home/yahboom/roscourse_ws/install/webcam/share/webcam/package.sh'
[1.738s] INFO:colcon.colcon_core.shell:Creating package script '/home/yahboom/roscourse_ws/install/webcam/share/webcam/package.bash'
[1.739s] INFO:colcon.colcon_core.shell:Creating package script '/home/yahboom/roscourse_ws/install/webcam/share/webcam/package.zsh'
[1.740s] Level 1:colcon.colcon_core.environment:create_file_with_runtime_dependencies(/home/yahboom/roscourse_ws/install/webcam/share/colcon-core/packages/webcam)
[2.010s] DEBUG:colcon.colcon_core.event_handler.log_command:Invoked command in '/home/yahboom/roscourse_ws/build/turtle_interfaces' returned '0': CMAKE_PREFIX_PATH=${CMAKE_PREFIX_PATH}:/home/yahboom/roscourse_ws/install/webcam:/home/yahboom/roscourse_ws/install/python_turtle:/home/yahboom/yahboomcar_ros2_ws/yahboomcar_ws/install/yahboomcar_voice_ctrl:/home/yahboom/yahboomcar_ros2_ws/yahboomcar_ws/install/yahboomcar_visual:/home/yahboom/yahboomcar_ros2_ws/yahboomcar_ws/install/yahboomcar_rviz:/home/yahboom/yahboomcar_ros2_ws/yahboomcar_ws/install/yahboomcar_nav:/home/yahboom/yahboomcar_ros2_ws/yahboomcar_ws/install/yahboomcar_multi:/home/yahboom/yahboomcar_ros2_ws/yahboomcar_ws/install/yahboomcar_mediapipe:/home/yahboom/yahboomcar_ros2_ws/yahboomcar_ws/install/yahboomcar_linefollow:/home/yahboom/yahboomcar_ros2_ws/yahboomcar_ws/install/yahboomcar_laser:/home/yahboom/yahboomcar_ros2_ws/yahboomcar_ws/install/yahboomcar_description_x1:/home/yahboom/yahboomcar_ros2_ws/yahboomcar_ws/install/yahboomcar_description:/home/yahboom/yahboomcar_ros2_ws/yahboomcar_ws/install/yahboomcar_ctrl:/home/yahboom/yahboomcar_ros2_ws/yahboomcar_ws/install/yahboomcar_bringup:/home/yahboom/yahboomcar_ros2_ws/yahboomcar_ws/install/yahboomcar_astra:/home/yahboom/yahboomcar_ros2_ws/yahboomcar_ws/install/robot_pose_publisher:/home/yahboom/yahboomcar_ros2_ws/yahboomcar_ws/install/laserscan_to_point_pulisher:/opt/ros/foxy /usr/bin/cmake --build /home/yahboom/roscourse_ws/build/turtle_interfaces -- -j6 -l6
[2.112s] DEBUG:colcon.colcon_core.event_handler.log_command:Invoking command in '/home/yahboom/roscourse_ws/build/turtle_interfaces': CMAKE_PREFIX_PATH=${CMAKE_PREFIX_PATH}:/home/yahboom/roscourse_ws/install/webcam:/home/yahboom/roscourse_ws/install/python_turtle:/home/yahboom/yahboomcar_ros2_ws/yahboomcar_ws/install/yahboomcar_voice_ctrl:/home/yahboom/yahboomcar_ros2_ws/yahboomcar_ws/install/yahboomcar_visual:/home/yahboom/yahboomcar_ros2_ws/yahboomcar_ws/install/yahboomcar_rviz:/home/yahboom/yahboomcar_ros2_ws/yahboomcar_ws/install/yahboomcar_nav:/home/yahboom/yahboomcar_ros2_ws/yahboomcar_ws/install/yahboomcar_multi:/home/yahboom/yahboomcar_ros2_ws/yahboomcar_ws/install/yahboomcar_mediapipe:/home/yahboom/yahboomcar_ros2_ws/yahboomcar_ws/install/yahboomcar_linefollow:/home/yahboom/yahboomcar_ros2_ws/yahboomcar_ws/install/yahboomcar_laser:/home/yahboom/yahboomcar_ros2_ws/yahboomcar_ws/install/yahboomcar_description_x1:/home/yahboom/yahboomcar_ros2_ws/yahboomcar_ws/install/yahboomcar_description:/home/yahboom/yahboomcar_ros2_ws/yahboomcar_ws/install/yahboomcar_ctrl:/home/yahboom/yahboomcar_ros2_ws/yahboomcar_ws/install/yahboomcar_bringup:/home/yahboom/yahboomcar_ros2_ws/yahboomcar_ws/install/yahboomcar_astra:/home/yahboom/yahboomcar_ros2_ws/yahboomcar_ws/install/robot_pose_publisher:/home/yahboom/yahboomcar_ros2_ws/yahboomcar_ws/install/laserscan_to_point_pulisher:/opt/ros/foxy /usr/bin/cmake --install /home/yahboom/roscourse_ws/build/turtle_interfaces
[2.181s] Level 1:colcon.colcon_core.environment:create_environment_scripts_only(turtle_interfaces)
[2.183s] Level 1:colcon.colcon_core.environment:checking '/home/yahboom/roscourse_ws/install/turtle_interfaces' for CMake module files
[2.183s] DEBUG:colcon.colcon_core.event_handler.log_command:Invoked command in '/home/yahboom/roscourse_ws/build/turtle_interfaces' returned '0': CMAKE_PREFIX_PATH=${CMAKE_PREFIX_PATH}:/home/yahboom/roscourse_ws/install/webcam:/home/yahboom/roscourse_ws/install/python_turtle:/home/yahboom/yahboomcar_ros2_ws/yahboomcar_ws/install/yahboomcar_voice_ctrl:/home/yahboom/yahboomcar_ros2_ws/yahboomcar_ws/install/yahboomcar_visual:/home/yahboom/yahboomcar_ros2_ws/yahboomcar_ws/install/yahboomcar_rviz:/home/yahboom/yahboomcar_ros2_ws/yahboomcar_ws/install/yahboomcar_nav:/home/yahboom/yahboomcar_ros2_ws/yahboomcar_ws/install/yahboomcar_multi:/home/yahboom/yahboomcar_ros2_ws/yahboomcar_ws/install/yahboomcar_mediapipe:/home/yahboom/yahboomcar_ros2_ws/yahboomcar_ws/install/yahboomcar_linefollow:/home/yahboom/yahboomcar_ros2_ws/yahboomcar_ws/install/yahboomcar_laser:/home/yahboom/yahboomcar_ros2_ws/yahboomcar_ws/install/yahboomcar_description_x1:/home/yahboom/yahboomcar_ros2_ws/yahboomcar_ws/install/yahboomcar_description:/home/yahboom/yahboomcar_ros2_ws/yahboomcar_ws/install/yahboomcar_ctrl:/home/yahboom/yahboomcar_ros2_ws/yahboomcar_ws/install/yahboomcar_bringup:/home/yahboom/yahboomcar_ros2_ws/yahboomcar_ws/install/yahboomcar_astra:/home/yahboom/yahboomcar_ros2_ws/yahboomcar_ws/install/robot_pose_publisher:/home/yahboom/yahboomcar_ros2_ws/yahboomcar_ws/install/laserscan_to_point_pulisher:/opt/ros/foxy /usr/bin/cmake --install /home/yahboom/roscourse_ws/build/turtle_interfaces
[2.184s] Level 1:colcon.colcon_core.environment:checking '/home/yahboom/roscourse_ws/install/turtle_interfaces' for CMake config files
[2.185s] Level 1:colcon.colcon_core.shell:create_environment_hook('turtle_interfaces', 'cmake_prefix_path')
[2.186s] INFO:colcon.colcon_core.shell:Creating environment hook '/home/yahboom/roscourse_ws/install/turtle_interfaces/share/turtle_interfaces/hook/cmake_prefix_path.ps1'
[2.186s] INFO:colcon.colcon_core.shell:Creating environment descriptor '/home/yahboom/roscourse_ws/install/turtle_interfaces/share/turtle_interfaces/hook/cmake_prefix_path.dsv'
[2.187s] INFO:colcon.colcon_core.shell:Creating environment hook '/home/yahboom/roscourse_ws/install/turtle_interfaces/share/turtle_interfaces/hook/cmake_prefix_path.sh'
[2.187s] Level 1:colcon.colcon_core.environment:checking '/home/yahboom/roscourse_ws/install/turtle_interfaces/lib'
[2.187s] Level 1:colcon.colcon_core.shell:create_environment_hook('turtle_interfaces', 'ld_library_path_lib')
[2.189s] INFO:colcon.colcon_core.shell:Creating environment hook '/home/yahboom/roscourse_ws/install/turtle_interfaces/share/turtle_interfaces/hook/ld_library_path_lib.ps1'
[2.189s] INFO:colcon.colcon_core.shell:Creating environment descriptor '/home/yahboom/roscourse_ws/install/turtle_interfaces/share/turtle_interfaces/hook/ld_library_path_lib.dsv'
[2.189s] INFO:colcon.colcon_core.shell:Creating environment hook '/home/yahboom/roscourse_ws/install/turtle_interfaces/share/turtle_interfaces/hook/ld_library_path_lib.sh'
[2.190s] Level 1:colcon.colcon_core.environment:checking '/home/yahboom/roscourse_ws/install/turtle_interfaces/bin'
[2.190s] Level 1:colcon.colcon_core.environment:checking '/home/yahboom/roscourse_ws/install/turtle_interfaces/lib/pkgconfig/turtle_interfaces.pc'
[2.190s] Level 1:colcon.colcon_core.environment:checking '/home/yahboom/roscourse_ws/install/turtle_interfaces/lib/python3.8/site-packages'
[2.190s] Level 1:colcon.colcon_core.shell:create_environment_hook('turtle_interfaces', 'pythonpath')
[2.191s] INFO:colcon.colcon_core.shell:Creating environment hook '/home/yahboom/roscourse_ws/install/turtle_interfaces/share/turtle_interfaces/hook/pythonpath.ps1'
[2.192s] INFO:colcon.colcon_core.shell:Creating environment descriptor '/home/yahboom/roscourse_ws/install/turtle_interfaces/share/turtle_interfaces/hook/pythonpath.dsv'
[2.192s] INFO:colcon.colcon_core.shell:Creating environment hook '/home/yahboom/roscourse_ws/install/turtle_interfaces/share/turtle_interfaces/hook/pythonpath.sh'
[2.193s] Level 1:colcon.colcon_core.environment:checking '/home/yahboom/roscourse_ws/install/turtle_interfaces/bin'
[2.194s] INFO:colcon.colcon_core.shell:Creating package script '/home/yahboom/roscourse_ws/install/turtle_interfaces/share/turtle_interfaces/package.ps1'
[2.195s] INFO:colcon.colcon_core.shell:Creating package descriptor '/home/yahboom/roscourse_ws/install/turtle_interfaces/share/turtle_interfaces/package.dsv'
[2.195s] INFO:colcon.colcon_core.shell:Creating package script '/home/yahboom/roscourse_ws/install/turtle_interfaces/share/turtle_interfaces/package.sh'
[2.196s] INFO:colcon.colcon_core.shell:Creating package script '/home/yahboom/roscourse_ws/install/turtle_interfaces/share/turtle_interfaces/package.bash'
[2.196s] INFO:colcon.colcon_core.shell:Creating package script '/home/yahboom/roscourse_ws/install/turtle_interfaces/share/turtle_interfaces/package.zsh'
[2.197s] Level 1:colcon.colcon_core.environment:create_file_with_runtime_dependencies(/home/yahboom/roscourse_ws/install/turtle_interfaces/share/colcon-core/packages/turtle_interfaces)
[2.290s] Level 1:colcon.colcon_core.environment:create_environment_scripts_only(turtle_interfaces)
[2.292s] Level 1:colcon.colcon_core.environment:checking '/home/yahboom/roscourse_ws/install/turtle_interfaces' for CMake module files
[2.292s] Level 1:colcon.colcon_core.environment:checking '/home/yahboom/roscourse_ws/install/turtle_interfaces' for CMake config files
[2.293s] Level 1:colcon.colcon_core.shell:create_environment_hook('turtle_interfaces', 'cmake_prefix_path')
[2.294s] INFO:colcon.colcon_core.shell:Creating environment hook '/home/yahboom/roscourse_ws/install/turtle_interfaces/share/turtle_interfaces/hook/cmake_prefix_path.ps1'
[2.295s] INFO:colcon.colcon_core.shell:Creating environment descriptor '/home/yahboom/roscourse_ws/install/turtle_interfaces/share/turtle_interfaces/hook/cmake_prefix_path.dsv'
[2.295s] INFO:colcon.colcon_core.shell:Creating environment hook '/home/yahboom/roscourse_ws/install/turtle_interfaces/share/turtle_interfaces/hook/cmake_prefix_path.sh'
[2.296s] Level 1:colcon.colcon_core.environment:checking '/home/yahboom/roscourse_ws/install/turtle_interfaces/lib'
[2.296s] Level 1:colcon.colcon_core.shell:create_environment_hook('turtle_interfaces', 'ld_library_path_lib')
[2.297s] INFO:colcon.colcon_core.shell:Creating environment hook '/home/yahboom/roscourse_ws/install/turtle_interfaces/share/turtle_interfaces/hook/ld_library_path_lib.ps1'
[2.297s] INFO:colcon.colcon_core.shell:Creating environment descriptor '/home/yahboom/roscourse_ws/install/turtle_interfaces/share/turtle_interfaces/hook/ld_library_path_lib.dsv'
[2.298s] INFO:colcon.colcon_core.shell:Creating environment hook '/home/yahboom/roscourse_ws/install/turtle_interfaces/share/turtle_interfaces/hook/ld_library_path_lib.sh'
[2.298s] Level 1:colcon.colcon_core.environment:checking '/home/yahboom/roscourse_ws/install/turtle_interfaces/bin'
[2.298s] Level 1:colcon.colcon_core.environment:checking '/home/yahboom/roscourse_ws/install/turtle_interfaces/lib/pkgconfig/turtle_interfaces.pc'
[2.298s] Level 1:colcon.colcon_core.environment:checking '/home/yahboom/roscourse_ws/install/turtle_interfaces/lib/python3.8/site-packages'
[2.298s] Level 1:colcon.colcon_core.shell:create_environment_hook('turtle_interfaces', 'pythonpath')
[2.300s] INFO:colcon.colcon_core.shell:Creating environment hook '/home/yahboom/roscourse_ws/install/turtle_interfaces/share/turtle_interfaces/hook/pythonpath.ps1'
[2.300s] INFO:colcon.colcon_core.shell:Creating environment descriptor '/home/yahboom/roscourse_ws/install/turtle_interfaces/share/turtle_interfaces/hook/pythonpath.dsv'
[2.300s] INFO:colcon.colcon_core.shell:Creating environment hook '/home/yahboom/roscourse_ws/install/turtle_interfaces/share/turtle_interfaces/hook/pythonpath.sh'
[2.301s] Level 1:colcon.colcon_core.environment:checking '/home/yahboom/roscourse_ws/install/turtle_interfaces/bin'
[2.302s] INFO:colcon.colcon_core.shell:Creating package script '/home/yahboom/roscourse_ws/install/turtle_interfaces/share/turtle_interfaces/package.ps1'
[2.303s] INFO:colcon.colcon_core.shell:Creating package descriptor '/home/yahboom/roscourse_ws/install/turtle_interfaces/share/turtle_interfaces/package.dsv'
[2.303s] INFO:colcon.colcon_core.shell:Creating package script '/home/yahboom/roscourse_ws/install/turtle_interfaces/share/turtle_interfaces/package.sh'
[2.304s] INFO:colcon.colcon_core.shell:Creating package script '/home/yahboom/roscourse_ws/install/turtle_interfaces/share/turtle_interfaces/package.bash'
[2.304s] INFO:colcon.colcon_core.shell:Creating package script '/home/yahboom/roscourse_ws/install/turtle_interfaces/share/turtle_interfaces/package.zsh'
[2.304s] Level 1:colcon.colcon_core.environment:create_file_with_runtime_dependencies(/home/yahboom/roscourse_ws/install/turtle_interfaces/share/colcon-core/packages/turtle_interfaces)
[2.305s] INFO:colcon.colcon_ros.task.ament_python.build:Building ROS package in '/home/yahboom/roscourse_ws/src/python_turtle' with build type 'ament_python'
[2.305s] Level 1:colcon.colcon_core.shell:create_environment_hook('python_turtle', 'ament_prefix_path')
[2.306s] INFO:colcon.colcon_core.shell:Creating environment hook '/home/yahboom/roscourse_ws/install/python_turtle/share/python_turtle/hook/ament_prefix_path.ps1'
[2.307s] INFO:colcon.colcon_core.shell:Creating environment descriptor '/home/yahboom/roscourse_ws/install/python_turtle/share/python_turtle/hook/ament_prefix_path.dsv'
[2.308s] INFO:colcon.colcon_core.shell:Creating environment hook '/home/yahboom/roscourse_ws/install/python_turtle/share/python_turtle/hook/ament_prefix_path.sh'
[2.309s] INFO:colcon.colcon_core.shell:Skip shell extension 'powershell' for command environment: Not usable outside of PowerShell
[2.309s] DEBUG:colcon.colcon_core.shell:Skip shell extension 'dsv' for command environment
[2.537s] INFO:colcon.colcon_core.task.python.build:Building Python package in '/home/yahboom/roscourse_ws/src/python_turtle'
[2.539s] INFO:colcon.colcon_core.shell:Skip shell extension 'powershell' for command environment: Not usable outside of PowerShell
[2.539s] DEBUG:colcon.colcon_core.shell:Skip shell extension 'dsv' for command environment
[2.906s] DEBUG:colcon.colcon_core.event_handler.log_command:Invoking command in '/home/yahboom/roscourse_ws/src/python_turtle': PYTHONPATH=/home/yahboom/roscourse_ws/build/python_turtle/prefix_override:/home/yahboom/roscourse_ws/install/python_turtle/lib/python3.8/site-packages:/home/yahboom/roscourse_ws/install/turtle_interfaces/lib/python3.8/site-packages:/home/yahboom/roscourse_ws/install/webcam/lib/python3.8/site-packages:/home/yahboom/roscourse_ws/install/python_turtle/lib/python3.8/site-packages:/home/yahboom/yahboomcar_ros2_ws/yahboomcar_ws/install/yahboomcar_voice_ctrl/lib/python3.8/site-packages:/home/yahboom/yahboomcar_ros2_ws/yahboomcar_ws/install/yahboomcar_visual/lib/python3.8/site-packages:/home/yahboom/yahboomcar_ros2_ws/yahboomcar_ws/install/yahboomcar_rviz/lib/python3.8/site-packages:/home/yahboom/yahboomcar_ros2_ws/yahboomcar_ws/install/yahboomcar_nav/lib/python3.8/site-packages:/home/yahboom/yahboomcar_ros2_ws/yahboomcar_ws/install/yahboomcar_multi/lib/python3.8/site-packages:/home/yahboom/yahboomcar_ros2_ws/yahboomcar_ws/install/yahboomcar_msgs/lib/python3.8/site-packages:/home/yahboom/yahboomcar_ros2_ws/yahboomcar_ws/install/yahboomcar_mediapipe/lib/python3.8/site-packages:/home/yahboom/yahboomcar_ros2_ws/yahboomcar_ws/install/yahboomcar_linefollow/lib/python3.8/site-packages:/home/yahboom/yahboomcar_ros2_ws/yahboomcar_ws/install/yahboomcar_laser/lib/python3.8/site-packages:/home/yahboom/yahboomcar_ros2_ws/yahboomcar_ws/install/yahboomcar_description_x1/lib/python3.8/site-packages:/home/yahboom/yahboomcar_ros2_ws/yahboomcar_ws/install/yahboomcar_description/lib/python3.8/site-packages:/home/yahboom/yahboomcar_ros2_ws/yahboomcar_ws/install/yahboomcar_ctrl/lib/python3.8/site-packages:/home/yahboom/yahboomcar_ros2_ws/yahboomcar_ws/install/yahboomcar_bringup/lib/python3.8/site-packages:/home/yahboom/yahboomcar_ros2_ws/yahboomcar_ws/install/yahboomcar_astra/lib/python3.8/site-packages:/home/yahboom/yahboomcar_ros2_ws/yahboomcar_ws/install/robot_pose_publisher/lib/python3.8/site-packages:/home/yahboom/yahboomcar_ros2_ws/yahboomcar_ws/install/laserscan_to_point_pulisher/lib/python3.8/site-packages:/home/yahboom/yahboomcar_ros2_ws/software/library_ws/install/teb_msgs/lib/python3.8/site-packages:/home/yahboom/yahboomcar_ros2_ws/software/library_ws/install/costmap_converter_msgs/lib/python3.8/site-packages:/opt/ros/foxy/lib/python3.8/site-packages /usr/bin/python3 setup.py egg_info --egg-base ../../build/python_turtle build --build-base /home/yahboom/roscourse_ws/build/python_turtle/build install --record /home/yahboom/roscourse_ws/build/python_turtle/install.log --install-scripts $base/lib/python_turtle --single-version-externally-managed
[3.186s] Level 1:colcon.colcon_core.environment:checking '/home/yahboom/roscourse_ws/install/python_turtle' for CMake module files
[3.186s] DEBUG:colcon.colcon_core.event_handler.log_command:Invoked command in '/home/yahboom/roscourse_ws/src/python_turtle' returned '0': PYTHONPATH=/home/yahboom/roscourse_ws/build/python_turtle/prefix_override:/home/yahboom/roscourse_ws/install/python_turtle/lib/python3.8/site-packages:/home/yahboom/roscourse_ws/install/turtle_interfaces/lib/python3.8/site-packages:/home/yahboom/roscourse_ws/install/webcam/lib/python3.8/site-packages:/home/yahboom/roscourse_ws/install/python_turtle/lib/python3.8/site-packages:/home/yahboom/yahboomcar_ros2_ws/yahboomcar_ws/install/yahboomcar_voice_ctrl/lib/python3.8/site-packages:/home/yahboom/yahboomcar_ros2_ws/yahboomcar_ws/install/yahboomcar_visual/lib/python3.8/site-packages:/home/yahboom/yahboomcar_ros2_ws/yahboomcar_ws/install/yahboomcar_rviz/lib/python3.8/site-packages:/home/yahboom/yahboomcar_ros2_ws/yahboomcar_ws/install/yahboomcar_nav/lib/python3.8/site-packages:/home/yahboom/yahboomcar_ros2_ws/yahboomcar_ws/install/yahboomcar_multi/lib/python3.8/site-packages:/home/yahboom/yahboomcar_ros2_ws/yahboomcar_ws/install/yahboomcar_msgs/lib/python3.8/site-packages:/home/yahboom/yahboomcar_ros2_ws/yahboomcar_ws/install/yahboomcar_mediapipe/lib/python3.8/site-packages:/home/yahboom/yahboomcar_ros2_ws/yahboomcar_ws/install/yahboomcar_linefollow/lib/python3.8/site-packages:/home/yahboom/yahboomcar_ros2_ws/yahboomcar_ws/install/yahboomcar_laser/lib/python3.8/site-packages:/home/yahboom/yahboomcar_ros2_ws/yahboomcar_ws/install/yahboomcar_description_x1/lib/python3.8/site-packages:/home/yahboom/yahboomcar_ros2_ws/yahboomcar_ws/install/yahboomcar_description/lib/python3.8/site-packages:/home/yahboom/yahboomcar_ros2_ws/yahboomcar_ws/install/yahboomcar_ctrl/lib/python3.8/site-packages:/home/yahboom/yahboomcar_ros2_ws/yahboomcar_ws/install/yahboomcar_bringup/lib/python3.8/site-packages:/home/yahboom/yahboomcar_ros2_ws/yahboomcar_ws/install/yahboomcar_astra/lib/python3.8/site-packages:/home/yahboom/yahboomcar_ros2_ws/yahboomcar_ws/install/robot_pose_publisher/lib/python3.8/site-packages:/home/yahboom/yahboomcar_ros2_ws/yahboomcar_ws/install/laserscan_to_point_pulisher/lib/python3.8/site-packages:/home/yahboom/yahboomcar_ros2_ws/software/library_ws/install/teb_msgs/lib/python3.8/site-packages:/home/yahboom/yahboomcar_ros2_ws/software/library_ws/install/costmap_converter_msgs/lib/python3.8/site-packages:/opt/ros/foxy/lib/python3.8/site-packages /usr/bin/python3 setup.py egg_info --egg-base ../../build/python_turtle build --build-base /home/yahboom/roscourse_ws/build/python_turtle/build install --record /home/yahboom/roscourse_ws/build/python_turtle/install.log --install-scripts $base/lib/python_turtle --single-version-externally-managed
[3.187s] Level 1:colcon.colcon_core.environment:checking '/home/yahboom/roscourse_ws/install/python_turtle' for CMake config files
[3.187s] Level 1:colcon.colcon_core.environment:checking '/home/yahboom/roscourse_ws/install/python_turtle/lib'
[3.187s] Level 1:colcon.colcon_core.environment:checking '/home/yahboom/roscourse_ws/install/python_turtle/bin'
[3.187s] Level 1:colcon.colcon_core.environment:checking '/home/yahboom/roscourse_ws/install/python_turtle/lib/pkgconfig/python_turtle.pc'
[3.188s] Level 1:colcon.colcon_core.environment:checking '/home/yahboom/roscourse_ws/install/python_turtle/lib/python3.8/site-packages'
[3.188s] Level 1:colcon.colcon_core.shell:create_environment_hook('python_turtle', 'pythonpath')
[3.189s] INFO:colcon.colcon_core.shell:Creating environment hook '/home/yahboom/roscourse_ws/install/python_turtle/share/python_turtle/hook/pythonpath.ps1'
[3.189s] INFO:colcon.colcon_core.shell:Creating environment descriptor '/home/yahboom/roscourse_ws/install/python_turtle/share/python_turtle/hook/pythonpath.dsv'
[3.190s] INFO:colcon.colcon_core.shell:Creating environment hook '/home/yahboom/roscourse_ws/install/python_turtle/share/python_turtle/hook/pythonpath.sh'
[3.190s] Level 1:colcon.colcon_core.environment:checking '/home/yahboom/roscourse_ws/install/python_turtle/bin'
[3.190s] Level 1:colcon.colcon_core.environment:create_environment_scripts_only(python_turtle)
[3.192s] INFO:colcon.colcon_core.shell:Creating package script '/home/yahboom/roscourse_ws/install/python_turtle/share/python_turtle/package.ps1'
[3.192s] INFO:colcon.colcon_core.shell:Creating package descriptor '/home/yahboom/roscourse_ws/install/python_turtle/share/python_turtle/package.dsv'
[3.193s] INFO:colcon.colcon_core.shell:Creating package script '/home/yahboom/roscourse_ws/install/python_turtle/share/python_turtle/package.sh'
[3.193s] INFO:colcon.colcon_core.shell:Creating package script '/home/yahboom/roscourse_ws/install/python_turtle/share/python_turtle/package.bash'
[3.194s] INFO:colcon.colcon_core.shell:Creating package script '/home/yahboom/roscourse_ws/install/python_turtle/share/python_turtle/package.zsh'
[3.194s] Level 1:colcon.colcon_core.environment:create_file_with_runtime_dependencies(/home/yahboom/roscourse_ws/install/python_turtle/share/colcon-core/packages/python_turtle)
[3.194s] DEBUG:colcon.colcon_parallel_executor.executor.parallel:closing loop
[3.195s] DEBUG:colcon.colcon_parallel_executor.executor.parallel:loop closed
[3.195s] DEBUG:colcon.colcon_parallel_executor.executor.parallel:run_until_complete finished with '0'
[3.195s] DEBUG:colcon.colcon_core.event_reactor:joining thread
[3.201s] INFO:colcon.colcon_core.plugin_system:Skipping extension 'colcon_notification.desktop_notification.terminal_notifier': Not used on non-Darwin systems
[3.201s] INFO:colcon.colcon_core.plugin_system:Skipping extension 'colcon_notification.desktop_notification.win32': Not used on non-Windows systems
[3.201s] INFO:colcon.colcon_notification.desktop_notification:Sending desktop notification using 'notify2'
[3.215s] DEBUG:colcon.colcon_core.event_reactor:joined thread
[3.216s] INFO:colcon.colcon_core.shell:Creating prefix script '/home/yahboom/roscourse_ws/install/local_setup.ps1'
[3.217s] INFO:colcon.colcon_core.shell:Creating prefix util module '/home/yahboom/roscourse_ws/install/_local_setup_util_ps1.py'
[3.218s] INFO:colcon.colcon_core.shell:Creating prefix chain script '/home/yahboom/roscourse_ws/install/setup.ps1'
[3.223s] INFO:colcon.colcon_core.shell:Creating prefix script '/home/yahboom/roscourse_ws/install/local_setup.sh'
[3.225s] INFO:colcon.colcon_core.shell:Creating prefix util module '/home/yahboom/roscourse_ws/install/_local_setup_util_sh.py'
[3.226s] INFO:colcon.colcon_core.shell:Creating prefix chain script '/home/yahboom/roscourse_ws/install/setup.sh'
[3.229s] INFO:colcon.colcon_core.shell:Creating prefix script '/home/yahboom/roscourse_ws/install/local_setup.bash'
[3.229s] INFO:colcon.colcon_core.shell:Creating prefix chain script '/home/yahboom/roscourse_ws/install/setup.bash'
[3.232s] INFO:colcon.colcon_core.shell:Creating prefix script '/home/yahboom/roscourse_ws/install/local_setup.zsh'
[3.232s] INFO:colcon.colcon_core.shell:Creating prefix chain script '/home/yahboom/roscourse_ws/install/setup.zsh'
